13:57:21 INFO  : Launching XSCT server: xsct.bat -n  -interactive C:\drexel\Eclypse-Z7-SW\temp_xsdb_launch_script.tcl
13:57:21 INFO  : Registering command handlers for Vitis TCF services
13:57:23 INFO  : Platform repository initialization has completed.
13:57:23 INFO  : XSCT server has started successfully.
13:57:23 INFO  : plnx-install-location is set to ''
13:57:23 INFO  : Successfully done setting XSCT server connection channel  
13:57:24 INFO  : Successfully done setting workspace for the tool. 
13:57:24 INFO  : Successfully done query RDI_DATADIR 
13:58:59 INFO  : Result from executing command 'getProjects': design_1_wrapper_platform_0_1
13:58:59 INFO  : Result from executing command 'getPlatforms': 
13:59:17 ERROR : (XSDB Server)arm-none-eabi-ar: creating ../../../lib/libxil.a

13:59:43 ERROR : (XSDB Server)In file included from usleep.c:56:
xtime_l.h:87:9: note: #pragma message: For the sleep routines, Global timer is being used
   87 | #pragma message ("For the sleep routines, Global timer is being used")
      |         ^~~~~~~

13:59:46 ERROR : (XSDB Server)In file included from xil_sleeptimer.c:54:
xtime_l.h:87:9: note: #pragma message: For the sleep routines, Global timer is being used
   87 | #pragma message ("For the sleep routines, Global timer is being used")
      |         ^~~~~~~

13:59:47 ERROR : (XSDB Server)In file included from xtime_l.c:49:
xtime_l.h:87:9: note: #pragma message: For the sleep routines, Global timer is being used
   87 | #pragma message ("For the sleep routines, Global timer is being used")
      |         ^~~~~~~

13:59:48 ERROR : (XSDB Server)In file included from sleep.c:53:
xtime_l.h:87:9: note: #pragma message: For the sleep routines, Global timer is being used
   87 | #pragma message ("For the sleep routines, Global timer is being used")
      |         ^~~~~~~

14:00:00 INFO  : Result from executing command 'getProjects': design_1_wrapper_platform_0_1
14:00:00 INFO  : Result from executing command 'getPlatforms': design_1_wrapper_platform_0_1|C:/drexel/Eclypse-Z7-SW/design_1_wrapper_platform_0_1/export/design_1_wrapper_platform_0_1/design_1_wrapper_platform_0_1.xpfm
14:00:02 INFO  : Platform 'design_1_wrapper_platform_0_1' is added to custom repositories.
14:00:09 INFO  : Successfully migrated application project ZmodDAC1411_Demo_Baremetal
14:00:13 INFO  : Successfully migrated application project ZmodADC1410_Demo_Baremetal
14:00:13 WARN  : The following projects could not be identified as Vitis projects and will not be managed by the tool:
14:02:24 INFO  : Connected to target on host '127.0.0.1' and port '3121'.
14:02:25 INFO  : 'targets -set -filter {jtag_cable_name =~ "Digilent Eclypse Z7 210393B5E6DBA" && level==0 && jtag_device_ctx=="jsn-Eclypse Z7-210393B5E6DBA-23727093-0"}' command is executed.
14:02:27 INFO  : FPGA configured successfully with bitstream "C:/drexel/Eclypse-Z7-SW/design_1_wrapper_hw_platform_0/design_1_wrapper.bit"
14:04:06 INFO  : The hardware specfication used by project 'ZmodDAC1411_Demo_Baremetal' is out of sync with the platform. Resource files extracted from the hardware specfiication will be updated.
14:04:06 INFO  : The file 'C:\drexel\Eclypse-Z7-SW\ZmodDAC1411_Demo_Baremetal\_ide\bitstream\design_1_wrapper.bit' stored in project is removed.
14:04:07 INFO  : The updated bitstream files are copied from platform to folder 'C:\drexel\Eclypse-Z7-SW\ZmodDAC1411_Demo_Baremetal\_ide\bitstream' in project 'ZmodDAC1411_Demo_Baremetal'.
14:04:07 INFO  : The file 'C:\drexel\Eclypse-Z7-SW\ZmodDAC1411_Demo_Baremetal\_ide\psinit\ps7_init.tcl' stored in project is removed.
14:04:11 INFO  : The updated ps init files are copied from platform to folder 'C:\drexel\Eclypse-Z7-SW\ZmodDAC1411_Demo_Baremetal\_ide\psinit' in project 'ZmodDAC1411_Demo_Baremetal'.
14:05:23 INFO  : Connected to target on host '127.0.0.1' and port '3121'.
14:05:23 INFO  : 'targets -set -filter {jtag_cable_name =~ "Digilent Eclypse Z7 210393B5E6DBA" && level==0 && jtag_device_ctx=="jsn-Eclypse Z7-210393B5E6DBA-23727093-0"}' command is executed.
14:05:25 INFO  : FPGA configured successfully with bitstream "C:/drexel/Eclypse-Z7-SW/ZmodDAC1411_Demo_Baremetal/_ide/bitstream/design_1_wrapper.bit"
14:14:42 INFO  : Connected to target on host '127.0.0.1' and port '3121'.
14:14:42 INFO  : 'targets -set -filter {jtag_cable_name =~ "Digilent Eclypse Z7 210393B5E6DBA" && level==0 && jtag_device_ctx=="jsn-Eclypse Z7-210393B5E6DBA-23727093-0"}' command is executed.
14:14:44 INFO  : FPGA configured successfully with bitstream "C:/drexel/Eclypse-Z7-SW/ZmodDAC1411_Demo_Baremetal/_ide/bitstream/design_1_wrapper.bit"
14:17:59 INFO  : Result from executing command 'getProjects': design_1_wrapper_platform_0_1
14:17:59 INFO  : Result from executing command 'getPlatforms': design_1_wrapper_platform_0_1|C:/drexel/Eclypse-Z7-SW/design_1_wrapper_platform_0_1/export/design_1_wrapper_platform_0_1/design_1_wrapper_platform_0_1.xpfm
14:17:59 INFO  : Checking for BSP changes to sync application flags for project 'ZmodDAC1411_Demo_Baremetal'...
14:17:59 INFO  : Updating application flags with new BSP settings...
14:17:59 ERROR : Failed to update application flags from BSP for 'ZmodDAC1411_Demo_Baremetal'. Reason:  Os Description not found for standalone  7.0
java.lang.RuntimeException:  Os Description not found for standalone  7.0
	at com.xilinx.sdk.sw.internal.SwDb.getComponentAppCompilerFlags(SwDb.java:807)
	at com.xilinx.sdx.sw.internal.SDxSwPlatform.getSwPlatformCompilerFlags(SDxSwPlatform.java:1138)
	at com.xilinx.sdx.sdk.core.build.AppSwBuildOptionsHelper.inferSwPlatformFlags(AppSwBuildOptionsHelper.java:54)
	at com.xilinx.sdx.sdk.core.build.AppSwBuildOptionsHelper.updateBuildOptions(AppSwBuildOptionsHelper.java:46)
	at com.xilinx.sdx.sdk.core.build.SdkMakefileGenerationListener.updateSwBuildOptions(SdkMakefileGenerationListener.java:215)
	at com.xilinx.sdx.sdk.core.build.SdkMakefileGenerationListener.syncAppFlags(SdkMakefileGenerationListener.java:99)
	at com.xilinx.sdx.sdk.core.build.SdkMakefileGenerationListener.preMakefileGeneration(SdkMakefileGenerationListener.java:48)
	at com.xilinx.sdk.managedbuilder.XilinxGnuMakefileGenerator.notifyPreMakefileGenerationListeners(XilinxGnuMakefileGenerator.java:91)
	at com.xilinx.sdk.managedbuilder.XilinxGnuMakefileGenerator.regenerateMakefiles(XilinxGnuMakefileGenerator.java:75)
	at org.eclipse.cdt.managedbuilder.internal.core.CommonBuilder.performMakefileGeneration(CommonBuilder.java:1006)
	at org.eclipse.cdt.managedbuilder.internal.core.CommonBuilder.performPrebuildGeneration(CommonBuilder.java:873)
	at org.eclipse.cdt.managedbuilder.internal.core.CommonBuilder.build(CommonBuilder.java:748)
	at org.eclipse.cdt.managedbuilder.internal.core.CommonBuilder.build(CommonBuilder.java:513)
	at org.eclipse.cdt.managedbuilder.internal.core.CommonBuilder.build(CommonBuilder.java:459)
	at org.eclipse.core.internal.events.BuildManager$2.run(BuildManager.java:795)
	at org.eclipse.core.runtime.SafeRunner.run(SafeRunner.java:42)
	at org.eclipse.core.internal.events.BuildManager.basicBuild(BuildManager.java:216)
	at org.eclipse.core.internal.events.BuildManager.basicBuild(BuildManager.java:259)
	at org.eclipse.core.internal.events.BuildManager$1.run(BuildManager.java:312)
	at org.eclipse.core.runtime.SafeRunner.run(SafeRunner.java:42)
	at org.eclipse.core.internal.events.BuildManager.basicBuild(BuildManager.java:315)
	at org.eclipse.core.internal.events.BuildManager.basicBuildLoop(BuildManager.java:367)
	at org.eclipse.core.internal.events.BuildManager.build(BuildManager.java:388)
	at org.eclipse.core.internal.resources.Workspace.buildInternal(Workspace.java:501)
	at org.eclipse.core.internal.resources.Workspace.build(Workspace.java:408)
	at org.eclipse.ui.actions.BuildAction$1.runInWorkspace(BuildAction.java:288)
	at org.eclipse.core.internal.resources.InternalWorkspaceJob.run(InternalWorkspaceJob.java:39)
	at org.eclipse.core.internal.jobs.Worker.run(Worker.java:60)
14:20:45 INFO  : Connected to target on host '127.0.0.1' and port '3121'.
14:20:45 INFO  : 'targets -set -filter {jtag_cable_name =~ "Digilent Eclypse Z7 210393B5E6DBA" && level==0 && jtag_device_ctx=="jsn-Eclypse Z7-210393B5E6DBA-23727093-0"}' command is executed.
14:20:47 INFO  : FPGA configured successfully with bitstream "C:/drexel/Eclypse-Z7-SW/ZmodDAC1411_Demo_Baremetal/_ide/bitstream/design_1_wrapper.bit"
14:21:14 INFO  : Connected to target on host '127.0.0.1' and port '3121'.
14:21:14 INFO  : Jtag cable 'Digilent Eclypse Z7 210393B5E6DBA' is selected.
14:21:14 INFO  : 'jtag frequency' command is executed.
14:21:14 INFO  : Context for 'APU' is selected.
14:21:15 INFO  : System reset is completed.
14:21:18 INFO  : 'after 3000' command is executed.
14:21:18 INFO  : 'targets -set -filter {jtag_cable_name =~ "Digilent Eclypse Z7 210393B5E6DBA" && level==0 && jtag_device_ctx=="jsn-Eclypse Z7-210393B5E6DBA-23727093-0"}' command is executed.
14:21:20 INFO  : FPGA configured successfully with bitstream "C:/drexel/Eclypse-Z7-SW/ZmodDAC1411_Demo_Baremetal/_ide/bitstream/design_1_wrapper.bit"
14:21:20 INFO  : Context for 'APU' is selected.
14:21:20 INFO  : Hardware design and registers information is loaded from 'C:/drexel/Eclypse-Z7-SW/design_1_wrapper_platform_0_1/export/design_1_wrapper_platform_0_1/hw/system.dsa'.
14:21:20 INFO  : 'configparams force-mem-access 1' command is executed.
14:21:20 INFO  : Context for 'APU' is selected.
14:21:20 INFO  : Sourcing of 'C:/drexel/Eclypse-Z7-SW/ZmodDAC1411_Demo_Baremetal/_ide/psinit/ps7_init.tcl' is done.
14:21:21 ERROR : Memory read error at 0xF8F00208. Cannot halt processor core, timeout
14:21:21 INFO  : ----------------XSDB Script----------------
connect -url tcp:127.0.0.1:3121
targets -set -nocase -filter {name =~"APU*"}
rst -system
after 3000
targets -set -filter {jtag_cable_name =~ "Digilent Eclypse Z7 210393B5E6DBA" && level==0 && jtag_device_ctx=="jsn-Eclypse Z7-210393B5E6DBA-23727093-0"}
fpga -file C:/drexel/Eclypse-Z7-SW/ZmodDAC1411_Demo_Baremetal/_ide/bitstream/design_1_wrapper.bit
targets -set -nocase -filter {name =~"APU*"}
loadhw -hw C:/drexel/Eclypse-Z7-SW/design_1_wrapper_platform_0_1/export/design_1_wrapper_platform_0_1/hw/system.dsa -mem-ranges [list {0x40000000 0xbfffffff}] -regs
configparams force-mem-access 1
targets -set -nocase -filter {name =~"APU*"}
source C:/drexel/Eclypse-Z7-SW/ZmodDAC1411_Demo_Baremetal/_ide/psinit/ps7_init.tcl
ps7_init
----------------End of Script----------------

14:21:21 ERROR : Memory read error at 0xF8F00208. Cannot halt processor core, timeout
14:28:33 INFO  : Connected to target on host '127.0.0.1' and port '3121'.
14:28:33 INFO  : Jtag cable 'Digilent Eclypse Z7 210393B5E6DBA' is selected.
14:28:33 INFO  : 'jtag frequency' command is executed.
14:28:33 INFO  : Context for 'APU' is selected.
14:28:33 INFO  : System reset is completed.
14:28:36 INFO  : 'after 3000' command is executed.
14:28:36 INFO  : 'targets -set -filter {jtag_cable_name =~ "Digilent Eclypse Z7 210393B5E6DBA" && level==0 && jtag_device_ctx=="jsn-Eclypse Z7-210393B5E6DBA-23727093-0"}' command is executed.
14:28:39 INFO  : FPGA configured successfully with bitstream "C:/drexel/Eclypse-Z7-SW/ZmodDAC1411_Demo_Baremetal/_ide/bitstream/design_1_wrapper.bit"
14:28:39 INFO  : Context for 'APU' is selected.
14:28:39 INFO  : Hardware design and registers information is loaded from 'C:/drexel/Eclypse-Z7-SW/design_1_wrapper_platform_0_1/export/design_1_wrapper_platform_0_1/hw/system.dsa'.
14:28:39 INFO  : 'configparams force-mem-access 1' command is executed.
14:28:39 INFO  : Context for 'APU' is selected.
14:28:39 INFO  : Sourcing of 'C:/drexel/Eclypse-Z7-SW/ZmodDAC1411_Demo_Baremetal/_ide/psinit/ps7_init.tcl' is done.
14:28:39 INFO  : 'ps7_init' command is executed.
14:28:39 INFO  : 'ps7_post_config' command is executed.
14:28:39 INFO  : Context for processor 'ps7_cortexa9_0' is selected.
14:28:39 INFO  : The application 'C:/drexel/Eclypse-Z7-SW/ZmodDAC1411_Demo_Baremetal/Debug/ZmodDAC1411_Demo_Baremetal.elf' is downloaded to processor 'ps7_cortexa9_0'.
14:28:40 INFO  : 'configparams force-mem-access 0' command is executed.
14:28:40 INFO  : ----------------XSDB Script----------------
connect -url tcp:127.0.0.1:3121
targets -set -nocase -filter {name =~"APU*"}
rst -system
after 3000
targets -set -filter {jtag_cable_name =~ "Digilent Eclypse Z7 210393B5E6DBA" && level==0 && jtag_device_ctx=="jsn-Eclypse Z7-210393B5E6DBA-23727093-0"}
fpga -file C:/drexel/Eclypse-Z7-SW/ZmodDAC1411_Demo_Baremetal/_ide/bitstream/design_1_wrapper.bit
targets -set -nocase -filter {name =~"APU*"}
loadhw -hw C:/drexel/Eclypse-Z7-SW/design_1_wrapper_platform_0_1/export/design_1_wrapper_platform_0_1/hw/system.dsa -mem-ranges [list {0x40000000 0xbfffffff}] -regs
configparams force-mem-access 1
targets -set -nocase -filter {name =~"APU*"}
source C:/drexel/Eclypse-Z7-SW/ZmodDAC1411_Demo_Baremetal/_ide/psinit/ps7_init.tcl
ps7_init
ps7_post_config
targets -set -nocase -filter {name =~ "*A9*#0"}
dow C:/drexel/Eclypse-Z7-SW/ZmodDAC1411_Demo_Baremetal/Debug/ZmodDAC1411_Demo_Baremetal.elf
configparams force-mem-access 0
----------------End of Script----------------

14:28:40 INFO  : Context for processor 'ps7_cortexa9_0' is selected.
14:28:40 INFO  : 'con' command is executed.
14:28:40 INFO  : ----------------XSDB Script (After Launch)----------------
targets -set -nocase -filter {name =~ "*A9*#0"}
con
----------------End of Script----------------

14:28:40 INFO  : Launch script is exported to file 'C:\drexel\Eclypse-Z7-SW\.sdk\launch_scripts\single_application_debug\debugger_zmoddac1411_demo_baremetal-default.tcl'
14:29:30 INFO  : Disconnected from the channel tcfchan#1.
14:29:31 INFO  : Connected to target on host '127.0.0.1' and port '3121'.
14:29:31 INFO  : Jtag cable 'Digilent Eclypse Z7 210393B5E6DBA' is selected.
14:29:31 INFO  : 'jtag frequency' command is executed.
14:29:31 INFO  : Context for 'APU' is selected.
14:29:32 INFO  : System reset is completed.
14:29:35 INFO  : 'after 3000' command is executed.
14:29:35 INFO  : 'targets -set -filter {jtag_cable_name =~ "Digilent Eclypse Z7 210393B5E6DBA" && level==0 && jtag_device_ctx=="jsn-Eclypse Z7-210393B5E6DBA-23727093-0"}' command is executed.
14:29:37 INFO  : FPGA configured successfully with bitstream "C:/drexel/Eclypse-Z7-SW/ZmodDAC1411_Demo_Baremetal/_ide/bitstream/design_1_wrapper.bit"
14:29:37 INFO  : Context for 'APU' is selected.
14:29:37 INFO  : Hardware design and registers information is loaded from 'C:/drexel/Eclypse-Z7-SW/design_1_wrapper_platform_0_1/export/design_1_wrapper_platform_0_1/hw/system.dsa'.
14:29:37 INFO  : 'configparams force-mem-access 1' command is executed.
14:29:37 INFO  : Context for 'APU' is selected.
14:29:37 INFO  : Sourcing of 'C:/drexel/Eclypse-Z7-SW/ZmodDAC1411_Demo_Baremetal/_ide/psinit/ps7_init.tcl' is done.
14:29:37 INFO  : 'ps7_init' command is executed.
14:29:37 INFO  : 'ps7_post_config' command is executed.
14:29:37 INFO  : Context for processor 'ps7_cortexa9_0' is selected.
14:29:38 INFO  : The application 'C:/drexel/Eclypse-Z7-SW/ZmodDAC1411_Demo_Baremetal/Debug/ZmodDAC1411_Demo_Baremetal.elf' is downloaded to processor 'ps7_cortexa9_0'.
14:29:38 INFO  : 'configparams force-mem-access 0' command is executed.
14:29:38 INFO  : ----------------XSDB Script----------------
connect -url tcp:127.0.0.1:3121
targets -set -nocase -filter {name =~"APU*"}
rst -system
after 3000
targets -set -filter {jtag_cable_name =~ "Digilent Eclypse Z7 210393B5E6DBA" && level==0 && jtag_device_ctx=="jsn-Eclypse Z7-210393B5E6DBA-23727093-0"}
fpga -file C:/drexel/Eclypse-Z7-SW/ZmodDAC1411_Demo_Baremetal/_ide/bitstream/design_1_wrapper.bit
targets -set -nocase -filter {name =~"APU*"}
loadhw -hw C:/drexel/Eclypse-Z7-SW/design_1_wrapper_platform_0_1/export/design_1_wrapper_platform_0_1/hw/system.dsa -mem-ranges [list {0x40000000 0xbfffffff}] -regs
configparams force-mem-access 1
targets -set -nocase -filter {name =~"APU*"}
source C:/drexel/Eclypse-Z7-SW/ZmodDAC1411_Demo_Baremetal/_ide/psinit/ps7_init.tcl
ps7_init
ps7_post_config
targets -set -nocase -filter {name =~ "*A9*#0"}
dow C:/drexel/Eclypse-Z7-SW/ZmodDAC1411_Demo_Baremetal/Debug/ZmodDAC1411_Demo_Baremetal.elf
configparams force-mem-access 0
----------------End of Script----------------

14:29:38 INFO  : Context for processor 'ps7_cortexa9_0' is selected.
14:29:38 INFO  : 'con' command is executed.
14:29:38 INFO  : ----------------XSDB Script (After Launch)----------------
targets -set -nocase -filter {name =~ "*A9*#0"}
con
----------------End of Script----------------

14:29:38 INFO  : Launch script is exported to file 'C:\drexel\Eclypse-Z7-SW\.sdk\launch_scripts\single_application_debug\debugger_zmoddac1411_demo_baremetal-default.tcl'
14:37:46 INFO  : Disconnected from the channel tcfchan#4.
14:37:47 INFO  : Connected to target on host '127.0.0.1' and port '3121'.
14:37:47 INFO  : Jtag cable 'Digilent Eclypse Z7 210393B5E6DBA' is selected.
14:37:47 INFO  : 'jtag frequency' command is executed.
14:37:47 INFO  : Context for 'APU' is selected.
14:37:47 INFO  : System reset is completed.
14:37:50 INFO  : 'after 3000' command is executed.
14:37:50 INFO  : 'targets -set -filter {jtag_cable_name =~ "Digilent Eclypse Z7 210393B5E6DBA" && level==0 && jtag_device_ctx=="jsn-Eclypse Z7-210393B5E6DBA-23727093-0"}' command is executed.
14:37:53 INFO  : FPGA configured successfully with bitstream "C:/drexel/Eclypse-Z7-SW/ZmodDAC1411_Demo_Baremetal/_ide/bitstream/design_1_wrapper.bit"
14:37:53 INFO  : Context for 'APU' is selected.
14:37:53 INFO  : Hardware design and registers information is loaded from 'C:/drexel/Eclypse-Z7-SW/design_1_wrapper_platform_0_1/export/design_1_wrapper_platform_0_1/hw/system.dsa'.
14:37:53 INFO  : 'configparams force-mem-access 1' command is executed.
14:37:53 INFO  : Context for 'APU' is selected.
14:37:53 INFO  : Sourcing of 'C:/drexel/Eclypse-Z7-SW/ZmodDAC1411_Demo_Baremetal/_ide/psinit/ps7_init.tcl' is done.
14:37:53 INFO  : 'ps7_init' command is executed.
14:37:53 INFO  : 'ps7_post_config' command is executed.
14:37:53 INFO  : Context for processor 'ps7_cortexa9_0' is selected.
14:37:54 INFO  : The application 'C:/drexel/Eclypse-Z7-SW/ZmodDAC1411_Demo_Baremetal/Debug/ZmodDAC1411_Demo_Baremetal.elf' is downloaded to processor 'ps7_cortexa9_0'.
14:37:54 INFO  : 'configparams force-mem-access 0' command is executed.
14:37:54 INFO  : ----------------XSDB Script----------------
connect -url tcp:127.0.0.1:3121
targets -set -nocase -filter {name =~"APU*"}
rst -system
after 3000
targets -set -filter {jtag_cable_name =~ "Digilent Eclypse Z7 210393B5E6DBA" && level==0 && jtag_device_ctx=="jsn-Eclypse Z7-210393B5E6DBA-23727093-0"}
fpga -file C:/drexel/Eclypse-Z7-SW/ZmodDAC1411_Demo_Baremetal/_ide/bitstream/design_1_wrapper.bit
targets -set -nocase -filter {name =~"APU*"}
loadhw -hw C:/drexel/Eclypse-Z7-SW/design_1_wrapper_platform_0_1/export/design_1_wrapper_platform_0_1/hw/system.dsa -mem-ranges [list {0x40000000 0xbfffffff}] -regs
configparams force-mem-access 1
targets -set -nocase -filter {name =~"APU*"}
source C:/drexel/Eclypse-Z7-SW/ZmodDAC1411_Demo_Baremetal/_ide/psinit/ps7_init.tcl
ps7_init
ps7_post_config
targets -set -nocase -filter {name =~ "*A9*#0"}
dow C:/drexel/Eclypse-Z7-SW/ZmodDAC1411_Demo_Baremetal/Debug/ZmodDAC1411_Demo_Baremetal.elf
configparams force-mem-access 0
----------------End of Script----------------

14:37:54 INFO  : Context for processor 'ps7_cortexa9_0' is selected.
14:37:54 INFO  : 'con' command is executed.
14:37:54 INFO  : ----------------XSDB Script (After Launch)----------------
targets -set -nocase -filter {name =~ "*A9*#0"}
con
----------------End of Script----------------

14:37:54 INFO  : Launch script is exported to file 'C:\drexel\Eclypse-Z7-SW\.sdk\launch_scripts\single_application_debug\debugger_zmoddac1411_demo_baremetal-default.tcl'
14:45:09 INFO  : Disconnected from the channel tcfchan#5.
16:03:11 INFO  : Launching XSCT server: xsct.bat -n  -interactive C:\drexel\Eclypse-Z7-SW\temp_xsdb_launch_script.tcl
16:03:18 INFO  : XSCT server has started successfully.
16:03:18 INFO  : plnx-install-location is set to ''
16:03:18 INFO  : Successfully done setting XSCT server connection channel  
16:03:18 INFO  : Successfully done setting workspace for the tool. 
16:03:37 INFO  : Platform repository initialization has completed.
16:03:38 INFO  : Registering command handlers for Vitis TCF services
16:03:54 INFO  : Successfully done query RDI_DATADIR 
16:07:39 INFO  : Connected to target on host '127.0.0.1' and port '3121'.
16:07:39 INFO  : 'targets -set -filter {jtag_cable_name =~ "Digilent Eclypse Z7 210393B5E6DBA" && level==0 && jtag_device_ctx=="jsn-Eclypse Z7-210393B5E6DBA-23727093-0"}' command is executed.
16:07:42 INFO  : FPGA configured successfully with bitstream "C:/drexel/Eclypse-Z7-SW/ZmodDAC1411_Demo_Baremetal/_ide/bitstream/design_1_wrapper.bit"
16:07:52 INFO  : Connected to target on host '127.0.0.1' and port '3121'.
16:07:52 INFO  : Jtag cable 'Digilent Eclypse Z7 210393B5E6DBA' is selected.
16:07:52 INFO  : 'jtag frequency' command is executed.
16:07:52 INFO  : Context for 'APU' is selected.
16:07:52 INFO  : System reset is completed.
16:07:55 INFO  : 'after 3000' command is executed.
16:07:55 INFO  : 'targets -set -filter {jtag_cable_name =~ "Digilent Eclypse Z7 210393B5E6DBA" && level==0 && jtag_device_ctx=="jsn-Eclypse Z7-210393B5E6DBA-23727093-0"}' command is executed.
16:07:57 INFO  : FPGA configured successfully with bitstream "C:/drexel/Eclypse-Z7-SW/ZmodDAC1411_Demo_Baremetal/_ide/bitstream/design_1_wrapper.bit"
16:07:57 INFO  : Context for 'APU' is selected.
16:07:57 INFO  : Hardware design and registers information is loaded from 'C:/drexel/Eclypse-Z7-SW/design_1_wrapper_platform_0_1/export/design_1_wrapper_platform_0_1/hw/system.dsa'.
16:07:57 INFO  : 'configparams force-mem-access 1' command is executed.
16:07:58 INFO  : Context for 'APU' is selected.
16:07:58 INFO  : Sourcing of 'C:/drexel/Eclypse-Z7-SW/ZmodDAC1411_Demo_Baremetal/_ide/psinit/ps7_init.tcl' is done.
16:07:58 INFO  : 'ps7_init' command is executed.
16:07:58 INFO  : 'ps7_post_config' command is executed.
16:07:58 INFO  : Context for processor 'ps7_cortexa9_0' is selected.
16:07:58 INFO  : The application 'C:/drexel/Eclypse-Z7-SW/ZmodDAC1411_Demo_Baremetal/Debug/ZmodDAC1411_Demo_Baremetal.elf' is downloaded to processor 'ps7_cortexa9_0'.
16:07:58 INFO  : 'configparams force-mem-access 0' command is executed.
16:07:58 INFO  : ----------------XSDB Script----------------
connect -url tcp:127.0.0.1:3121
targets -set -nocase -filter {name =~"APU*"}
rst -system
after 3000
targets -set -filter {jtag_cable_name =~ "Digilent Eclypse Z7 210393B5E6DBA" && level==0 && jtag_device_ctx=="jsn-Eclypse Z7-210393B5E6DBA-23727093-0"}
fpga -file C:/drexel/Eclypse-Z7-SW/ZmodDAC1411_Demo_Baremetal/_ide/bitstream/design_1_wrapper.bit
targets -set -nocase -filter {name =~"APU*"}
loadhw -hw C:/drexel/Eclypse-Z7-SW/design_1_wrapper_platform_0_1/export/design_1_wrapper_platform_0_1/hw/system.dsa -mem-ranges [list {0x40000000 0xbfffffff}] -regs
configparams force-mem-access 1
targets -set -nocase -filter {name =~"APU*"}
source C:/drexel/Eclypse-Z7-SW/ZmodDAC1411_Demo_Baremetal/_ide/psinit/ps7_init.tcl
ps7_init
ps7_post_config
targets -set -nocase -filter {name =~ "*A9*#0"}
dow C:/drexel/Eclypse-Z7-SW/ZmodDAC1411_Demo_Baremetal/Debug/ZmodDAC1411_Demo_Baremetal.elf
configparams force-mem-access 0
----------------End of Script----------------

16:07:59 INFO  : Context for processor 'ps7_cortexa9_0' is selected.
16:07:59 INFO  : 'con' command is executed.
16:07:59 INFO  : ----------------XSDB Script (After Launch)----------------
targets -set -nocase -filter {name =~ "*A9*#0"}
con
----------------End of Script----------------

16:07:59 INFO  : Launch script is exported to file 'C:\drexel\Eclypse-Z7-SW\.sdk\launch_scripts\single_application_debug\debugger_zmoddac1411_demo_baremetal-default.tcl'
16:10:30 INFO  : Disconnected from the channel tcfchan#1.
16:10:31 INFO  : Connected to target on host '127.0.0.1' and port '3121'.
16:10:31 INFO  : Jtag cable 'Digilent Eclypse Z7 210393B5E6DBA' is selected.
16:10:31 INFO  : 'jtag frequency' command is executed.
16:10:31 INFO  : Context for 'APU' is selected.
16:10:31 INFO  : System reset is completed.
16:10:34 INFO  : 'after 3000' command is executed.
16:10:34 INFO  : 'targets -set -filter {jtag_cable_name =~ "Digilent Eclypse Z7 210393B5E6DBA" && level==0 && jtag_device_ctx=="jsn-Eclypse Z7-210393B5E6DBA-23727093-0"}' command is executed.
16:10:37 INFO  : FPGA configured successfully with bitstream "C:/drexel/Eclypse-Z7-SW/ZmodDAC1411_Demo_Baremetal/_ide/bitstream/design_1_wrapper.bit"
16:10:37 INFO  : Context for 'APU' is selected.
16:10:39 INFO  : Hardware design and registers information is loaded from 'C:/drexel/Eclypse-Z7-SW/design_1_wrapper_platform_0_1/export/design_1_wrapper_platform_0_1/hw/system.dsa'.
16:10:39 INFO  : 'configparams force-mem-access 1' command is executed.
16:10:39 INFO  : Context for 'APU' is selected.
16:10:39 INFO  : Sourcing of 'C:/drexel/Eclypse-Z7-SW/ZmodDAC1411_Demo_Baremetal/_ide/psinit/ps7_init.tcl' is done.
16:10:39 INFO  : 'ps7_init' command is executed.
16:10:39 INFO  : 'ps7_post_config' command is executed.
16:10:39 INFO  : Context for processor 'ps7_cortexa9_0' is selected.
16:10:40 INFO  : The application 'C:/drexel/Eclypse-Z7-SW/ZmodDAC1411_Demo_Baremetal/Debug/ZmodDAC1411_Demo_Baremetal.elf' is downloaded to processor 'ps7_cortexa9_0'.
16:10:40 INFO  : 'configparams force-mem-access 0' command is executed.
16:10:40 INFO  : ----------------XSDB Script----------------
connect -url tcp:127.0.0.1:3121
targets -set -nocase -filter {name =~"APU*"}
rst -system
after 3000
targets -set -filter {jtag_cable_name =~ "Digilent Eclypse Z7 210393B5E6DBA" && level==0 && jtag_device_ctx=="jsn-Eclypse Z7-210393B5E6DBA-23727093-0"}
fpga -file C:/drexel/Eclypse-Z7-SW/ZmodDAC1411_Demo_Baremetal/_ide/bitstream/design_1_wrapper.bit
targets -set -nocase -filter {name =~"APU*"}
loadhw -hw C:/drexel/Eclypse-Z7-SW/design_1_wrapper_platform_0_1/export/design_1_wrapper_platform_0_1/hw/system.dsa -mem-ranges [list {0x40000000 0xbfffffff}] -regs
configparams force-mem-access 1
targets -set -nocase -filter {name =~"APU*"}
source C:/drexel/Eclypse-Z7-SW/ZmodDAC1411_Demo_Baremetal/_ide/psinit/ps7_init.tcl
ps7_init
ps7_post_config
targets -set -nocase -filter {name =~ "*A9*#0"}
dow C:/drexel/Eclypse-Z7-SW/ZmodDAC1411_Demo_Baremetal/Debug/ZmodDAC1411_Demo_Baremetal.elf
configparams force-mem-access 0
----------------End of Script----------------

16:10:40 INFO  : Context for processor 'ps7_cortexa9_0' is selected.
16:10:40 INFO  : 'con' command is executed.
16:10:40 INFO  : ----------------XSDB Script (After Launch)----------------
targets -set -nocase -filter {name =~ "*A9*#0"}
con
----------------End of Script----------------

16:10:40 INFO  : Launch script is exported to file 'C:\drexel\Eclypse-Z7-SW\.sdk\launch_scripts\single_application_debug\debugger_zmoddac1411_demo_baremetal-default.tcl'
16:20:54 INFO  : Disconnected from the channel tcfchan#2.
16:02:54 INFO  : Launching XSCT server: xsct.bat -n  -interactive C:\drexel\Eclypse-Z7-SW\temp_xsdb_launch_script.tcl
16:03:01 INFO  : XSCT server has started successfully.
16:03:01 INFO  : Successfully done setting XSCT server connection channel  
16:03:01 INFO  : plnx-install-location is set to ''
16:03:01 INFO  : Successfully done setting workspace for the tool. 
16:03:22 INFO  : Platform repository initialization has completed.
16:03:23 INFO  : Registering command handlers for Vitis TCF services
16:03:39 INFO  : Successfully done query RDI_DATADIR 
16:06:43 INFO  : Launching XSCT server: xsct.bat -n  -interactive C:\drexel\Eclypse-Z7-SW\temp_xsdb_launch_script.tcl
16:06:45 INFO  : XSCT server has started successfully.
16:06:45 INFO  : plnx-install-location is set to ''
16:06:45 INFO  : Successfully done setting XSCT server connection channel  
16:06:45 INFO  : Successfully done setting workspace for the tool. 
16:06:47 INFO  : Platform repository initialization has completed.
16:06:47 INFO  : Successfully done query RDI_DATADIR 
16:06:47 INFO  : Registering command handlers for Vitis TCF services
16:08:08 INFO  : Launching XSCT server: xsct.bat -n  -interactive C:\drexel\Eclypse-Z7-SW\temp_xsdb_launch_script.tcl
16:08:10 INFO  : XSCT server has started successfully.
16:08:10 INFO  : plnx-install-location is set to ''
16:08:10 INFO  : Successfully done setting XSCT server connection channel  
16:08:10 INFO  : Successfully done setting workspace for the tool. 
16:08:13 INFO  : Platform repository initialization has completed.
16:08:13 INFO  : Successfully done query RDI_DATADIR 
16:08:13 INFO  : Registering command handlers for Vitis TCF services
16:09:02 WARN  : Failed to identify the type of project 'design_1_wrapper_hw_platform_0'. Skipping...
16:09:02 WARN  : The following projects could not be identified as Vitis projects and will not be managed by the tool:
	design_1_wrapper_hw_platform_0
16:09:02 WARN  : Failed to migrate the following projects. The projects will not be imported to the workspace.
ZmodADC1410_Demo_Baremetal_bsp, ZmodDAC1411_Demo_Baremetal_bsp, ZmodDAC1411_Demo_Baremetal_bsp_version1_BE
16:10:11 INFO  : Result from executing command 'getProjects': design_1_wrapper_platform_0_1;design_1_wrapper_platform_0_2
16:10:11 INFO  : Result from executing command 'getPlatforms': design_1_wrapper_platform_0_1|C:/drexel/Eclypse-Z7-SW/design_1_wrapper_platform_0_1/export/design_1_wrapper_platform_0_1/design_1_wrapper_platform_0_1.xpfm
16:10:32 ERROR : (XSDB Server)arm-none-eabi-ar: creating ../../../lib/libxil.a

16:11:06 ERROR : (XSDB Server)In file included from usleep.c:56:
xtime_l.h:87:9: note: #pragma message: For the sleep routines, Global timer is being used
   87 | #pragma message ("For the sleep routines, Global timer is being used")
      |         ^~~~~~~

16:11:10 ERROR : (XSDB Server)In file included from xil_sleeptimer.c:54:
xtime_l.h:87:9: note: #pragma message: For the sleep routines, Global timer is being used
   87 | #pragma message ("For the sleep routines, Global timer is being used")
      |         ^~~~~~~

16:11:11 ERROR : (XSDB Server)In file included from xtime_l.c:49:
xtime_l.h:87:9: note: #pragma message: For the sleep routines, Global timer is being used
   87 | #pragma message ("For the sleep routines, Global timer is being used")
      |         ^~~~~~~

16:11:13 ERROR : (XSDB Server)In file included from sleep.c:53:
xtime_l.h:87:9: note: #pragma message: For the sleep routines, Global timer is being used
   87 | #pragma message ("For the sleep routines, Global timer is being used")
      |         ^~~~~~~

16:11:25 INFO  : Result from executing command 'getProjects': design_1_wrapper_platform_0_1;design_1_wrapper_platform_0_2
16:11:25 INFO  : Result from executing command 'getPlatforms': design_1_wrapper_platform_0_1|C:/drexel/Eclypse-Z7-SW/design_1_wrapper_platform_0_1/export/design_1_wrapper_platform_0_1/design_1_wrapper_platform_0_1.xpfm;design_1_wrapper_platform_0_2|C:/drexel/Eclypse-Z7-SW/design_1_wrapper_platform_0_2/export/design_1_wrapper_platform_0_2/design_1_wrapper_platform_0_2.xpfm
16:11:39 ERROR : (XSDB Server)arm-none-eabi-ar: creating ../../../lib/libxil.a

16:12:11 ERROR : (XSDB Server)In file included from usleep.c:56:
xtime_l.h:87:9: note: #pragma message: For the sleep routines, Global timer is being used
   87 | #pragma message ("For the sleep routines, Global timer is being used")
      |         ^~~~~~~

16:12:14 ERROR : (XSDB Server)In file included from xil_sleeptimer.c:54:
xtime_l.h:87:9: note: #pragma message: For the sleep routines, Global timer is being used
   87 | #pragma message ("For the sleep routines, Global timer is being used")
      |         ^~~~~~~

16:12:15 ERROR : (XSDB Server)In file included from xtime_l.c:49:
xtime_l.h:87:9: note: #pragma message: For the sleep routines, Global timer is being used
   87 | #pragma message ("For the sleep routines, Global timer is being used")
      |         ^~~~~~~

16:12:17 ERROR : (XSDB Server)In file included from sleep.c:53:
xtime_l.h:87:9: note: #pragma message: For the sleep routines, Global timer is being used
   87 | #pragma message ("For the sleep routines, Global timer is being used")
      |         ^~~~~~~

16:12:29 INFO  : Result from executing command 'getProjects': design_1_wrapper_platform_0_1;design_1_wrapper_platform_0_2
16:12:29 INFO  : Result from executing command 'getPlatforms': design_1_wrapper_platform_0_1|C:/drexel/Eclypse-Z7-SW/design_1_wrapper_platform_0_1/export/design_1_wrapper_platform_0_1/design_1_wrapper_platform_0_1.xpfm;design_1_wrapper_platform_0_2|C:/drexel/Eclypse-Z7-SW/design_1_wrapper_platform_0_2/export/design_1_wrapper_platform_0_2/design_1_wrapper_platform_0_2.xpfm
16:12:30 ERROR : Failed to generate platform from hw project design_1_wrapper_hw_platform_0
com.xilinx.sdx.scw.util.ScwCmdExecutionException: An exception occurred while trying to generate platform.
	at com.xilinx.sdx.scw.util.ScwTclCmdHelper.internalExecute(ScwTclCmdHelper.java:241)
	at com.xilinx.sdx.scw.util.ScwTclCmdHelper.execute(ScwTclCmdHelper.java:86)
	at com.xilinx.sdx.scw.project.SdkMigrationPlatformCreationHandler.generateAndExport(SdkMigrationPlatformCreationHandler.java:93)
	at com.xilinx.sdx.sdk.core.migration.SDKProjectMigrationHandler.generatePlatform(SDKProjectMigrationHandler.java:388)
	at com.xilinx.sdx.sdk.core.migration.SDKProjectMigrationHandler.createPlatformProjects(SDKProjectMigrationHandler.java:216)
	at com.xilinx.sdx.sdk.core.migration.SDKProjectMigrationHandler.execute(SDKProjectMigrationHandler.java:119)
	at com.xilinx.sdx.sdk.core.migration.SDKProjectMigrationHandler.processImportedProjects(SDKProjectMigrationHandler.java:666)
	at com.xilinx.sdx.system.datatransfer.ui.SdxArchiveImportWizard.processPostImportListeners(SdxArchiveImportWizard.java:173)
	at com.xilinx.sdx.system.datatransfer.ui.SdxArchiveImportWizard.access$1(SdxArchiveImportWizard.java:168)
	at com.xilinx.sdx.system.datatransfer.ui.SdxArchiveImportWizard$1.run(SdxArchiveImportWizard.java:73)
	at org.eclipse.jface.operation.ModalContext$ModalContextThread.run(ModalContext.java:119)
Caused by: java.lang.Exception: Failed to generate the platform.
Reason: Failed to generate the bsp sources for domain.ZmodDAC1411_Demo_Baremetal_bsp_version1_BE_domain

Details: error deleting "C:/drexel/Eclypse-Z7-SW/design_1_wrapper_platform_0_2/ps7_cortexa9_0/ZmodDAC1411_Demo_Baremetal_bsp_version1_BE_domain/bsp/ps7_cortexa9_0/libsrc/standalone_v7_0/src/arm\cortexr5\xreg_cortexr5.h": permission denied

ERROR: [Hsi 55-1545] Problem running tcl command ::sw_standalone_v7_0::generate : error deleting "C:/drexel/Eclypse-Z7-SW/design_1_wrapper_platform_0_2/ps7_cortexa9_0/ZmodDAC1411_Demo_Baremetal_bsp_version1_BE_domain/bsp/ps7_cortexa9_0/libsrc/standalone_v7_0/src/arm\cortexr5\xreg_cortexr5.h": permission denied
    while executing
"file delete -force $armsrcdir"
    (procedure "::sw_standalone_v7_0::generate" line 356)
    invoked from within
"::sw_standalone_v7_0::generate standalone"

ERROR: [Hsi 55-1442] Error(s) while running TCL procedure generate()

	at com.xilinx.sdx.scw.util.ScwTclCmdHelper.internalExecute(ScwTclCmdHelper.java:233)
	... 10 more
16:12:30 WARN  : The following projects could not be identified as Vitis projects and will not be managed by the tool:
16:12:30 WARN  : Failed to migrate the following projects. The projects will not be imported to the workspace.
ZmodADC1410_Demo_Baremetal_bsp, ZmodDAC1411_Demo_Baremetal_bsp, ZmodDAC1411_Demo_Baremetal_bsp_version1_BE, design_1_wrapper_hw_platform_0, design_1_wrapper_platform_0_2
16:12:30 ERROR : An unexpected exception occurred in the module 'reading platform'
16:14:26 INFO  : Connected to target on host '127.0.0.1' and port '3121'.
16:14:27 INFO  : 'targets -set -filter {jtag_cable_name =~ "Digilent Eclypse Z7 210393B5E6DBA" && level==0 && jtag_device_ctx=="jsn-Eclypse Z7-210393B5E6DBA-23727093-0"}' command is executed.
16:14:29 INFO  : FPGA configured successfully with bitstream "C:/drexel/Eclypse-Z7-SW/ZmodDAC1411_Demo_Baremetal/_ide/bitstream/design_1_wrapper.bit"
16:14:57 INFO  : Connected to target on host '127.0.0.1' and port '3121'.
16:14:57 INFO  : Jtag cable 'Digilent Eclypse Z7 210393B5E6DBA' is selected.
16:14:57 INFO  : 'jtag frequency' command is executed.
16:14:57 INFO  : Context for 'APU' is selected.
16:14:58 INFO  : System reset is completed.
16:15:01 INFO  : 'after 3000' command is executed.
16:15:01 INFO  : 'targets -set -filter {jtag_cable_name =~ "Digilent Eclypse Z7 210393B5E6DBA" && level==0 && jtag_device_ctx=="jsn-Eclypse Z7-210393B5E6DBA-23727093-0"}' command is executed.
16:15:03 INFO  : FPGA configured successfully with bitstream "C:/drexel/Eclypse-Z7-SW/ZmodDAC1411_Demo_Baremetal/_ide/bitstream/design_1_wrapper.bit"
16:15:03 INFO  : Context for 'APU' is selected.
16:15:03 INFO  : Hardware design and registers information is loaded from 'C:/drexel/Eclypse-Z7-SW/design_1_wrapper_platform_0_1/export/design_1_wrapper_platform_0_1/hw/system.dsa'.
16:15:03 INFO  : 'configparams force-mem-access 1' command is executed.
16:15:03 INFO  : Context for 'APU' is selected.
16:15:03 INFO  : Sourcing of 'C:/drexel/Eclypse-Z7-SW/ZmodDAC1411_Demo_Baremetal/_ide/psinit/ps7_init.tcl' is done.
16:15:04 INFO  : 'ps7_init' command is executed.
16:15:04 INFO  : 'ps7_post_config' command is executed.
16:15:04 INFO  : Context for processor 'ps7_cortexa9_0' is selected.
16:15:04 INFO  : The application 'C:/drexel/Eclypse-Z7-SW/ZmodDAC1411_Demo_Baremetal/Debug/ZmodDAC1411_Demo_Baremetal.elf' is downloaded to processor 'ps7_cortexa9_0'.
16:15:04 INFO  : 'configparams force-mem-access 0' command is executed.
16:15:04 INFO  : ----------------XSDB Script----------------
connect -url tcp:127.0.0.1:3121
targets -set -nocase -filter {name =~"APU*"}
rst -system
after 3000
targets -set -filter {jtag_cable_name =~ "Digilent Eclypse Z7 210393B5E6DBA" && level==0 && jtag_device_ctx=="jsn-Eclypse Z7-210393B5E6DBA-23727093-0"}
fpga -file C:/drexel/Eclypse-Z7-SW/ZmodDAC1411_Demo_Baremetal/_ide/bitstream/design_1_wrapper.bit
targets -set -nocase -filter {name =~"APU*"}
loadhw -hw C:/drexel/Eclypse-Z7-SW/design_1_wrapper_platform_0_1/export/design_1_wrapper_platform_0_1/hw/system.dsa -mem-ranges [list {0x40000000 0xbfffffff}] -regs
configparams force-mem-access 1
targets -set -nocase -filter {name =~"APU*"}
source C:/drexel/Eclypse-Z7-SW/ZmodDAC1411_Demo_Baremetal/_ide/psinit/ps7_init.tcl
ps7_init
ps7_post_config
targets -set -nocase -filter {name =~ "*A9*#0"}
dow C:/drexel/Eclypse-Z7-SW/ZmodDAC1411_Demo_Baremetal/Debug/ZmodDAC1411_Demo_Baremetal.elf
configparams force-mem-access 0
----------------End of Script----------------

16:15:04 INFO  : Context for processor 'ps7_cortexa9_0' is selected.
16:15:04 INFO  : 'con' command is executed.
16:15:04 INFO  : ----------------XSDB Script (After Launch)----------------
targets -set -nocase -filter {name =~ "*A9*#0"}
con
----------------End of Script----------------

16:15:04 INFO  : Launch script is exported to file 'C:\drexel\Eclypse-Z7-SW\.sdk\launch_scripts\single_application_debug\debugger_zmoddac1411_demo_baremetal-default.tcl'
16:19:19 INFO  : Disconnected from the channel tcfchan#1.
16:19:20 INFO  : Connected to target on host '127.0.0.1' and port '3121'.
16:19:20 INFO  : Jtag cable 'Digilent Eclypse Z7 210393B5E6DBA' is selected.
16:19:20 INFO  : 'jtag frequency' command is executed.
16:19:20 INFO  : Context for 'APU' is selected.
16:19:20 INFO  : System reset is completed.
16:19:23 INFO  : 'after 3000' command is executed.
16:19:23 INFO  : 'targets -set -filter {jtag_cable_name =~ "Digilent Eclypse Z7 210393B5E6DBA" && level==0 && jtag_device_ctx=="jsn-Eclypse Z7-210393B5E6DBA-23727093-0"}' command is executed.
16:19:25 INFO  : FPGA configured successfully with bitstream "C:/drexel/Eclypse-Z7-SW/ZmodDAC1411_Demo_Baremetal/_ide/bitstream/design_1_wrapper.bit"
16:19:25 INFO  : Context for 'APU' is selected.
16:19:27 INFO  : Hardware design and registers information is loaded from 'C:/drexel/Eclypse-Z7-SW/design_1_wrapper_platform_0_1/export/design_1_wrapper_platform_0_1/hw/system.dsa'.
16:19:27 INFO  : 'configparams force-mem-access 1' command is executed.
16:19:27 INFO  : Context for 'APU' is selected.
16:19:27 INFO  : Sourcing of 'C:/drexel/Eclypse-Z7-SW/ZmodDAC1411_Demo_Baremetal/_ide/psinit/ps7_init.tcl' is done.
16:19:27 INFO  : 'ps7_init' command is executed.
16:19:27 INFO  : 'ps7_post_config' command is executed.
16:19:27 INFO  : Context for processor 'ps7_cortexa9_0' is selected.
16:19:28 INFO  : The application 'C:/drexel/Eclypse-Z7-SW/ZmodDAC1411_Demo_Baremetal/Debug/ZmodDAC1411_Demo_Baremetal.elf' is downloaded to processor 'ps7_cortexa9_0'.
16:19:28 INFO  : 'configparams force-mem-access 0' command is executed.
16:19:28 INFO  : ----------------XSDB Script----------------
connect -url tcp:127.0.0.1:3121
targets -set -nocase -filter {name =~"APU*"}
rst -system
after 3000
targets -set -filter {jtag_cable_name =~ "Digilent Eclypse Z7 210393B5E6DBA" && level==0 && jtag_device_ctx=="jsn-Eclypse Z7-210393B5E6DBA-23727093-0"}
fpga -file C:/drexel/Eclypse-Z7-SW/ZmodDAC1411_Demo_Baremetal/_ide/bitstream/design_1_wrapper.bit
targets -set -nocase -filter {name =~"APU*"}
loadhw -hw C:/drexel/Eclypse-Z7-SW/design_1_wrapper_platform_0_1/export/design_1_wrapper_platform_0_1/hw/system.dsa -mem-ranges [list {0x40000000 0xbfffffff}] -regs
configparams force-mem-access 1
targets -set -nocase -filter {name =~"APU*"}
source C:/drexel/Eclypse-Z7-SW/ZmodDAC1411_Demo_Baremetal/_ide/psinit/ps7_init.tcl
ps7_init
ps7_post_config
targets -set -nocase -filter {name =~ "*A9*#0"}
dow C:/drexel/Eclypse-Z7-SW/ZmodDAC1411_Demo_Baremetal/Debug/ZmodDAC1411_Demo_Baremetal.elf
configparams force-mem-access 0
----------------End of Script----------------

16:19:28 INFO  : Context for processor 'ps7_cortexa9_0' is selected.
16:19:28 INFO  : 'con' command is executed.
16:19:28 INFO  : ----------------XSDB Script (After Launch)----------------
targets -set -nocase -filter {name =~ "*A9*#0"}
con
----------------End of Script----------------

16:19:28 INFO  : Launch script is exported to file 'C:\drexel\Eclypse-Z7-SW\.sdk\launch_scripts\single_application_debug\debugger_zmoddac1411_demo_baremetal-default.tcl'
16:24:40 INFO  : Disconnected from the channel tcfchan#2.
16:24:41 INFO  : Connected to target on host '127.0.0.1' and port '3121'.
16:24:41 INFO  : Jtag cable 'Digilent Eclypse Z7 210393B5E6DBA' is selected.
16:24:41 INFO  : 'jtag frequency' command is executed.
16:24:41 INFO  : Context for 'APU' is selected.
16:24:41 INFO  : System reset is completed.
16:24:45 INFO  : 'after 3000' command is executed.
16:24:45 INFO  : 'targets -set -filter {jtag_cable_name =~ "Digilent Eclypse Z7 210393B5E6DBA" && level==0 && jtag_device_ctx=="jsn-Eclypse Z7-210393B5E6DBA-23727093-0"}' command is executed.
16:24:47 INFO  : FPGA configured successfully with bitstream "C:/drexel/Eclypse-Z7-SW/ZmodDAC1411_Demo_Baremetal/_ide/bitstream/design_1_wrapper.bit"
16:24:47 INFO  : Context for 'APU' is selected.
16:24:49 INFO  : Hardware design and registers information is loaded from 'C:/drexel/Eclypse-Z7-SW/design_1_wrapper_platform_0_1/export/design_1_wrapper_platform_0_1/hw/system.dsa'.
16:24:49 INFO  : 'configparams force-mem-access 1' command is executed.
16:24:49 INFO  : Context for 'APU' is selected.
16:24:49 INFO  : Sourcing of 'C:/drexel/Eclypse-Z7-SW/ZmodDAC1411_Demo_Baremetal/_ide/psinit/ps7_init.tcl' is done.
16:24:49 INFO  : 'ps7_init' command is executed.
16:24:49 INFO  : 'ps7_post_config' command is executed.
16:24:49 INFO  : Context for processor 'ps7_cortexa9_0' is selected.
16:24:50 INFO  : The application 'C:/drexel/Eclypse-Z7-SW/ZmodDAC1411_Demo_Baremetal/Debug/ZmodDAC1411_Demo_Baremetal.elf' is downloaded to processor 'ps7_cortexa9_0'.
16:24:50 INFO  : 'configparams force-mem-access 0' command is executed.
16:24:50 INFO  : ----------------XSDB Script----------------
connect -url tcp:127.0.0.1:3121
targets -set -nocase -filter {name =~"APU*"}
rst -system
after 3000
targets -set -filter {jtag_cable_name =~ "Digilent Eclypse Z7 210393B5E6DBA" && level==0 && jtag_device_ctx=="jsn-Eclypse Z7-210393B5E6DBA-23727093-0"}
fpga -file C:/drexel/Eclypse-Z7-SW/ZmodDAC1411_Demo_Baremetal/_ide/bitstream/design_1_wrapper.bit
targets -set -nocase -filter {name =~"APU*"}
loadhw -hw C:/drexel/Eclypse-Z7-SW/design_1_wrapper_platform_0_1/export/design_1_wrapper_platform_0_1/hw/system.dsa -mem-ranges [list {0x40000000 0xbfffffff}] -regs
configparams force-mem-access 1
targets -set -nocase -filter {name =~"APU*"}
source C:/drexel/Eclypse-Z7-SW/ZmodDAC1411_Demo_Baremetal/_ide/psinit/ps7_init.tcl
ps7_init
ps7_post_config
targets -set -nocase -filter {name =~ "*A9*#0"}
dow C:/drexel/Eclypse-Z7-SW/ZmodDAC1411_Demo_Baremetal/Debug/ZmodDAC1411_Demo_Baremetal.elf
configparams force-mem-access 0
----------------End of Script----------------

16:24:50 INFO  : Context for processor 'ps7_cortexa9_0' is selected.
16:24:50 INFO  : 'con' command is executed.
16:24:50 INFO  : ----------------XSDB Script (After Launch)----------------
targets -set -nocase -filter {name =~ "*A9*#0"}
con
----------------End of Script----------------

16:24:50 INFO  : Launch script is exported to file 'C:\drexel\Eclypse-Z7-SW\.sdk\launch_scripts\single_application_debug\debugger_zmoddac1411_demo_baremetal-default.tcl'
16:37:27 INFO  : Disconnected from the channel tcfchan#3.
16:37:28 INFO  : Connected to target on host '127.0.0.1' and port '3121'.
16:37:28 INFO  : Jtag cable 'Digilent Eclypse Z7 210393B5E6DBA' is selected.
16:37:28 INFO  : 'jtag frequency' command is executed.
16:37:28 INFO  : Context for 'APU' is selected.
16:37:29 INFO  : System reset is completed.
16:37:32 INFO  : 'after 3000' command is executed.
16:37:32 INFO  : 'targets -set -filter {jtag_cable_name =~ "Digilent Eclypse Z7 210393B5E6DBA" && level==0 && jtag_device_ctx=="jsn-Eclypse Z7-210393B5E6DBA-23727093-0"}' command is executed.
16:37:34 INFO  : FPGA configured successfully with bitstream "C:/drexel/Eclypse-Z7-SW/ZmodDAC1411_Demo_Baremetal/_ide/bitstream/design_1_wrapper.bit"
16:37:34 INFO  : Context for 'APU' is selected.
16:37:36 INFO  : Hardware design and registers information is loaded from 'C:/drexel/Eclypse-Z7-SW/design_1_wrapper_platform_0_1/export/design_1_wrapper_platform_0_1/hw/system.dsa'.
16:37:36 INFO  : 'configparams force-mem-access 1' command is executed.
16:37:36 INFO  : Context for 'APU' is selected.
16:37:36 INFO  : Sourcing of 'C:/drexel/Eclypse-Z7-SW/ZmodDAC1411_Demo_Baremetal/_ide/psinit/ps7_init.tcl' is done.
16:37:36 INFO  : 'ps7_init' command is executed.
16:37:37 INFO  : 'ps7_post_config' command is executed.
16:37:37 INFO  : Context for processor 'ps7_cortexa9_0' is selected.
16:37:37 INFO  : The application 'C:/drexel/Eclypse-Z7-SW/ZmodDAC1411_Demo_Baremetal/Debug/ZmodDAC1411_Demo_Baremetal.elf' is downloaded to processor 'ps7_cortexa9_0'.
16:37:37 INFO  : 'configparams force-mem-access 0' command is executed.
16:37:37 INFO  : ----------------XSDB Script----------------
connect -url tcp:127.0.0.1:3121
targets -set -nocase -filter {name =~"APU*"}
rst -system
after 3000
targets -set -filter {jtag_cable_name =~ "Digilent Eclypse Z7 210393B5E6DBA" && level==0 && jtag_device_ctx=="jsn-Eclypse Z7-210393B5E6DBA-23727093-0"}
fpga -file C:/drexel/Eclypse-Z7-SW/ZmodDAC1411_Demo_Baremetal/_ide/bitstream/design_1_wrapper.bit
targets -set -nocase -filter {name =~"APU*"}
loadhw -hw C:/drexel/Eclypse-Z7-SW/design_1_wrapper_platform_0_1/export/design_1_wrapper_platform_0_1/hw/system.dsa -mem-ranges [list {0x40000000 0xbfffffff}] -regs
configparams force-mem-access 1
targets -set -nocase -filter {name =~"APU*"}
source C:/drexel/Eclypse-Z7-SW/ZmodDAC1411_Demo_Baremetal/_ide/psinit/ps7_init.tcl
ps7_init
ps7_post_config
targets -set -nocase -filter {name =~ "*A9*#0"}
dow C:/drexel/Eclypse-Z7-SW/ZmodDAC1411_Demo_Baremetal/Debug/ZmodDAC1411_Demo_Baremetal.elf
configparams force-mem-access 0
----------------End of Script----------------

16:37:37 INFO  : Context for processor 'ps7_cortexa9_0' is selected.
16:37:37 INFO  : 'con' command is executed.
16:37:37 INFO  : ----------------XSDB Script (After Launch)----------------
targets -set -nocase -filter {name =~ "*A9*#0"}
con
----------------End of Script----------------

16:37:37 INFO  : Launch script is exported to file 'C:\drexel\Eclypse-Z7-SW\.sdk\launch_scripts\single_application_debug\debugger_zmoddac1411_demo_baremetal-default.tcl'
21:35:11 INFO  : Disconnected from the channel tcfchan#4.
16:01:32 INFO  : Launching XSCT server: xsct.bat -n  -interactive C:\drexel\Eclypse-Z7-SW\temp_xsdb_launch_script.tcl
16:01:38 INFO  : XSCT server has started successfully.
16:01:38 INFO  : Successfully done setting XSCT server connection channel  
16:01:38 INFO  : plnx-install-location is set to ''
16:01:38 INFO  : Successfully done setting workspace for the tool. 
16:01:41 INFO  : Registering command handlers for Vitis TCF services
16:01:41 INFO  : Platform repository initialization has completed.
16:01:42 INFO  : Successfully done query RDI_DATADIR 
16:02:19 INFO  : Launching XSCT server: xsct.bat -n  -interactive C:\drexel\Eclypse-Z7-SW\temp_xsdb_launch_script.tcl
16:02:21 INFO  : XSCT server has started successfully.
16:02:21 INFO  : Successfully done setting XSCT server connection channel  
16:02:21 INFO  : plnx-install-location is set to ''
16:02:21 INFO  : Successfully done setting workspace for the tool. 
16:02:27 INFO  : Platform repository initialization has completed.
16:02:27 INFO  : Successfully done query RDI_DATADIR 
16:02:27 INFO  : Registering command handlers for Vitis TCF services
16:04:16 INFO  : Result from executing command 'getProjects': design_1_wrapper_platform_0_1;design_1_wrapper_platform_0_2;design_1_wrapper_platform_0_3
16:04:16 INFO  : Result from executing command 'getPlatforms': design_1_wrapper_platform_0_1|C:/drexel/Eclypse-Z7-SW/design_1_wrapper_platform_0_1/export/design_1_wrapper_platform_0_1/design_1_wrapper_platform_0_1.xpfm
16:04:59 ERROR : (XSDB Server)arm-none-eabi-ar: creating ../../../lib/libxil.a

16:06:10 ERROR : (XSDB Server)In file included from usleep.c:56:
xtime_l.h:87:9: note: #pragma message: For the sleep routines, Global timer is being used
   87 | #pragma message ("For the sleep routines, Global timer is being used")
      |         ^~~~~~~

16:06:25 ERROR : (XSDB Server)In file included from xil_sleeptimer.c:54:
xtime_l.h:87:9: note: #pragma message: For the sleep routines, Global timer is being used
   87 | #pragma message ("For the sleep routines, Global timer is being used")
      |         ^~~~~~~
In file included from xtime_l.c:49:
xtime_l.h:87:9: note: #pragma message: For the sleep routines, Global timer is being used
   87 | #pragma message ("For the sleep routines, Global timer is being used")
      |         ^~~~~~~
In file included from sleep.c:53:
xtime_l.h:87:9: note: #pragma message: For the sleep routines, Global timer is being used
   87 | #pragma message ("For the sleep routines, Global timer is being used")
      |         ^~~~~~~

16:08:41 INFO  : Launching XSCT server: xsct.bat -n  -interactive C:\drexel\Eclypse-Z7-SW\temp_xsdb_launch_script.tcl
16:08:43 INFO  : XSCT server has started successfully.
16:08:43 INFO  : plnx-install-location is set to ''
16:08:43 INFO  : Successfully done setting XSCT server connection channel  
16:08:43 INFO  : Successfully done setting workspace for the tool. 
16:08:48 INFO  : Platform repository initialization has completed.
16:08:49 INFO  : Successfully done query RDI_DATADIR 
16:08:56 INFO  : Registering command handlers for Vitis TCF services
16:11:05 INFO  : Launching XSCT server: xsct.bat -n  -interactive C:\drexel\Eclypse-Z7-SW\temp_xsdb_launch_script.tcl
16:11:07 INFO  : XSCT server has started successfully.
16:11:07 INFO  : plnx-install-location is set to ''
16:11:07 INFO  : Successfully done setting XSCT server connection channel  
16:11:07 INFO  : Successfully done setting workspace for the tool. 
16:11:14 INFO  : Platform repository initialization has completed.
16:11:15 INFO  : Successfully done query RDI_DATADIR 
16:11:15 INFO  : Registering command handlers for Vitis TCF services
16:11:34 ERROR : An unexpected exception occurred in the module 'reading platform'
16:11:34 ERROR : An unexpected exception occurred in the module 'reading platform'
16:12:27 INFO  : Platform 'design_1_wrapper_platform_0_3' is added to custom repositories.
16:12:27 INFO  : Platform 'design_1_wrapper_platform_0_1' is added to custom repositories.
16:12:54 INFO  : Result from executing command 'getProjects': design_1_wrapper_platform_0_1;design_1_wrapper_platform_0_2;design_1_wrapper_platform_0_3;design_1_wrapper_platform_0_4
16:12:55 INFO  : Result from executing command 'getPlatforms': design_1_wrapper_platform_0_1|C:/drexel/Eclypse-Z7-SW/design_1_wrapper_platform_0_1/export/design_1_wrapper_platform_0_1/design_1_wrapper_platform_0_1.xpfm;design_1_wrapper_platform_0_3|C:/drexel/Eclypse-Z7-SW/design_1_wrapper_platform_0_3/export/design_1_wrapper_platform_0_3/design_1_wrapper_platform_0_3.xpfm
16:13:20 ERROR : (XSDB Server)arm-none-eabi-ar: creating ../../../lib/libxil.a

16:14:22 ERROR : (XSDB Server)In file included from usleep.c:56:
xtime_l.h:87:9: note: #pragma message: For the sleep routines, Global timer is being used
   87 | #pragma message ("For the sleep routines, Global timer is being used")
      |         ^~~~~~~

16:14:29 ERROR : (XSDB Server)In file included from xil_sleeptimer.c:54:
xtime_l.h:87:9: note: #pragma message: For the sleep routines, Global timer is being used
   87 | #pragma message ("For the sleep routines, Global timer is being used")
      |         ^~~~~~~

16:14:31 ERROR : (XSDB Server)In file included from xtime_l.c:49:
xtime_l.h:87:9: note: #pragma message: For the sleep routines, Global timer is being used
   87 | #pragma message ("For the sleep routines, Global timer is being used")
      |         ^~~~~~~

16:14:34 ERROR : (XSDB Server)In file included from sleep.c:53:
xtime_l.h:87:9: note: #pragma message: For the sleep routines, Global timer is being used
   87 | #pragma message ("For the sleep routines, Global timer is being used")
      |         ^~~~~~~

16:14:58 INFO  : Result from executing command 'getProjects': design_1_wrapper_platform_0_1;design_1_wrapper_platform_0_2;design_1_wrapper_platform_0_3;design_1_wrapper_platform_0_4
16:14:59 INFO  : Result from executing command 'getPlatforms': design_1_wrapper_platform_0_1|C:/drexel/Eclypse-Z7-SW/design_1_wrapper_platform_0_1/export/design_1_wrapper_platform_0_1/design_1_wrapper_platform_0_1.xpfm;design_1_wrapper_platform_0_3|C:/drexel/Eclypse-Z7-SW/design_1_wrapper_platform_0_3/export/design_1_wrapper_platform_0_3/design_1_wrapper_platform_0_3.xpfm;design_1_wrapper_platform_0_4|C:/drexel/Eclypse-Z7-SW/design_1_wrapper_platform_0_4/export/design_1_wrapper_platform_0_4/design_1_wrapper_platform_0_4.xpfm
16:15:18 ERROR : (XSDB Server)arm-none-eabi-ar: creating ../../../lib/libxil.a

16:16:17 ERROR : (XSDB Server)In file included from usleep.c:56:
xtime_l.h:87:9: note: #pragma message: For the sleep routines, Global timer is being used
   87 | #pragma message ("For the sleep routines, Global timer is being used")
      |         ^~~~~~~

16:16:24 ERROR : (XSDB Server)In file included from xil_sleeptimer.c:54:
xtime_l.h:87:9: note: #pragma message: For the sleep routines, Global timer is being used
   87 | #pragma message ("For the sleep routines, Global timer is being used")
      |         ^~~~~~~

16:16:26 ERROR : (XSDB Server)In file included from xtime_l.c:49:
xtime_l.h:87:9: note: #pragma message: For the sleep routines, Global timer is being used
   87 | #pragma message ("For the sleep routines, Global timer is being used")
      |         ^~~~~~~

16:16:29 ERROR : (XSDB Server)In file included from sleep.c:53:
xtime_l.h:87:9: note: #pragma message: For the sleep routines, Global timer is being used
   87 | #pragma message ("For the sleep routines, Global timer is being used")
      |         ^~~~~~~

16:16:52 INFO  : Result from executing command 'getProjects': design_1_wrapper_platform_0_1;design_1_wrapper_platform_0_2;design_1_wrapper_platform_0_3;design_1_wrapper_platform_0_4
16:16:52 INFO  : Result from executing command 'getPlatforms': design_1_wrapper_platform_0_1|C:/drexel/Eclypse-Z7-SW/design_1_wrapper_platform_0_1/export/design_1_wrapper_platform_0_1/design_1_wrapper_platform_0_1.xpfm;design_1_wrapper_platform_0_3|C:/drexel/Eclypse-Z7-SW/design_1_wrapper_platform_0_3/export/design_1_wrapper_platform_0_3/design_1_wrapper_platform_0_3.xpfm;design_1_wrapper_platform_0_4|C:/drexel/Eclypse-Z7-SW/design_1_wrapper_platform_0_4/export/design_1_wrapper_platform_0_4/design_1_wrapper_platform_0_4.xpfm
16:16:56 INFO  : Platform 'design_1_wrapper_platform_0_4' is added to custom repositories.
16:16:56 WARN  : The following projects could not be identified as Vitis projects and will not be managed by the tool:
16:17:52 INFO  : Connected to target on host '127.0.0.1' and port '3121'.
16:17:53 INFO  : 'targets -set -filter {jtag_cable_name =~ "Digilent Eclypse Z7 210393B5E6DBA" && level==0 && jtag_device_ctx=="jsn-Eclypse Z7-210393B5E6DBA-23727093-0"}' command is executed.
16:17:55 INFO  : FPGA configured successfully with bitstream "C:/drexel/Eclypse-Z7-SW/ZmodDAC1411_Demo_Baremetal/_ide/bitstream/design_1_wrapper.bit"
16:19:01 INFO  : Connected to target on host '127.0.0.1' and port '3121'.
16:19:01 INFO  : Jtag cable 'Digilent Eclypse Z7 210393B5E6DBA' is selected.
16:19:01 INFO  : 'jtag frequency' command is executed.
16:19:01 INFO  : Context for 'APU' is selected.
16:19:01 INFO  : System reset is completed.
16:19:04 INFO  : 'after 3000' command is executed.
16:19:05 INFO  : 'targets -set -filter {jtag_cable_name =~ "Digilent Eclypse Z7 210393B5E6DBA" && level==0 && jtag_device_ctx=="jsn-Eclypse Z7-210393B5E6DBA-23727093-0"}' command is executed.
16:19:07 INFO  : FPGA configured successfully with bitstream "C:/drexel/Eclypse-Z7-SW/ZmodDAC1411_Demo_Baremetal/_ide/bitstream/design_1_wrapper.bit"
16:19:07 INFO  : Context for 'APU' is selected.
16:19:07 INFO  : Hardware design and registers information is loaded from 'C:/drexel/Eclypse-Z7-SW/design_1_wrapper_platform_0_1/export/design_1_wrapper_platform_0_1/hw/system.dsa'.
16:19:07 INFO  : 'configparams force-mem-access 1' command is executed.
16:19:07 INFO  : Context for 'APU' is selected.
16:19:07 INFO  : Sourcing of 'C:/drexel/Eclypse-Z7-SW/ZmodDAC1411_Demo_Baremetal/_ide/psinit/ps7_init.tcl' is done.
16:19:08 INFO  : 'ps7_init' command is executed.
16:19:08 INFO  : 'ps7_post_config' command is executed.
16:19:08 INFO  : Context for processor 'ps7_cortexa9_0' is selected.
16:19:09 INFO  : The application 'C:/drexel/Eclypse-Z7-SW/ZmodDAC1411_Demo_Baremetal/Debug/ZmodDAC1411_Demo_Baremetal.elf' is downloaded to processor 'ps7_cortexa9_0'.
16:19:09 INFO  : 'configparams force-mem-access 0' command is executed.
16:19:09 INFO  : ----------------XSDB Script----------------
connect -url tcp:127.0.0.1:3121
targets -set -nocase -filter {name =~"APU*"}
rst -system
after 3000
targets -set -filter {jtag_cable_name =~ "Digilent Eclypse Z7 210393B5E6DBA" && level==0 && jtag_device_ctx=="jsn-Eclypse Z7-210393B5E6DBA-23727093-0"}
fpga -file C:/drexel/Eclypse-Z7-SW/ZmodDAC1411_Demo_Baremetal/_ide/bitstream/design_1_wrapper.bit
targets -set -nocase -filter {name =~"APU*"}
loadhw -hw C:/drexel/Eclypse-Z7-SW/design_1_wrapper_platform_0_1/export/design_1_wrapper_platform_0_1/hw/system.dsa -mem-ranges [list {0x40000000 0xbfffffff}] -regs
configparams force-mem-access 1
targets -set -nocase -filter {name =~"APU*"}
source C:/drexel/Eclypse-Z7-SW/ZmodDAC1411_Demo_Baremetal/_ide/psinit/ps7_init.tcl
ps7_init
ps7_post_config
targets -set -nocase -filter {name =~ "*A9*#0"}
dow C:/drexel/Eclypse-Z7-SW/ZmodDAC1411_Demo_Baremetal/Debug/ZmodDAC1411_Demo_Baremetal.elf
configparams force-mem-access 0
----------------End of Script----------------

16:19:09 INFO  : Context for processor 'ps7_cortexa9_0' is selected.
16:19:09 INFO  : 'con' command is executed.
16:19:09 INFO  : ----------------XSDB Script (After Launch)----------------
targets -set -nocase -filter {name =~ "*A9*#0"}
con
----------------End of Script----------------

16:19:09 INFO  : Launch script is exported to file 'C:\drexel\Eclypse-Z7-SW\.sdk\launch_scripts\single_application_debug\debugger_zmoddac1411_demo_baremetal-default.tcl'
16:20:22 INFO  : Disconnected from the channel tcfchan#1.
16:20:23 INFO  : Connected to target on host '127.0.0.1' and port '3121'.
16:20:23 INFO  : Jtag cable 'Digilent Eclypse Z7 210393B5E6DBA' is selected.
16:20:23 INFO  : 'jtag frequency' command is executed.
16:20:24 INFO  : Context for 'APU' is selected.
16:20:24 INFO  : System reset is completed.
16:20:27 INFO  : 'after 3000' command is executed.
16:20:27 INFO  : 'targets -set -filter {jtag_cable_name =~ "Digilent Eclypse Z7 210393B5E6DBA" && level==0 && jtag_device_ctx=="jsn-Eclypse Z7-210393B5E6DBA-23727093-0"}' command is executed.
16:20:29 INFO  : FPGA configured successfully with bitstream "C:/drexel/Eclypse-Z7-SW/ZmodDAC1411_Demo_Baremetal/_ide/bitstream/design_1_wrapper.bit"
16:20:29 INFO  : Context for 'APU' is selected.
16:20:29 INFO  : Hardware design and registers information is loaded from 'C:/drexel/Eclypse-Z7-SW/design_1_wrapper_platform_0_1/export/design_1_wrapper_platform_0_1/hw/system.dsa'.
16:20:29 INFO  : 'configparams force-mem-access 1' command is executed.
16:20:29 INFO  : Context for 'APU' is selected.
16:20:29 INFO  : Sourcing of 'C:/drexel/Eclypse-Z7-SW/ZmodDAC1411_Demo_Baremetal/_ide/psinit/ps7_init.tcl' is done.
16:20:30 INFO  : 'ps7_init' command is executed.
16:20:30 INFO  : 'ps7_post_config' command is executed.
16:20:30 INFO  : Context for processor 'ps7_cortexa9_0' is selected.
16:20:31 INFO  : The application 'C:/drexel/Eclypse-Z7-SW/ZmodDAC1411_Demo_Baremetal/Debug/ZmodDAC1411_Demo_Baremetal.elf' is downloaded to processor 'ps7_cortexa9_0'.
16:20:31 INFO  : 'configparams force-mem-access 0' command is executed.
16:20:31 INFO  : ----------------XSDB Script----------------
connect -url tcp:127.0.0.1:3121
targets -set -nocase -filter {name =~"APU*"}
rst -system
after 3000
targets -set -filter {jtag_cable_name =~ "Digilent Eclypse Z7 210393B5E6DBA" && level==0 && jtag_device_ctx=="jsn-Eclypse Z7-210393B5E6DBA-23727093-0"}
fpga -file C:/drexel/Eclypse-Z7-SW/ZmodDAC1411_Demo_Baremetal/_ide/bitstream/design_1_wrapper.bit
targets -set -nocase -filter {name =~"APU*"}
loadhw -hw C:/drexel/Eclypse-Z7-SW/design_1_wrapper_platform_0_1/export/design_1_wrapper_platform_0_1/hw/system.dsa -mem-ranges [list {0x40000000 0xbfffffff}] -regs
configparams force-mem-access 1
targets -set -nocase -filter {name =~"APU*"}
source C:/drexel/Eclypse-Z7-SW/ZmodDAC1411_Demo_Baremetal/_ide/psinit/ps7_init.tcl
ps7_init
ps7_post_config
targets -set -nocase -filter {name =~ "*A9*#0"}
dow C:/drexel/Eclypse-Z7-SW/ZmodDAC1411_Demo_Baremetal/Debug/ZmodDAC1411_Demo_Baremetal.elf
configparams force-mem-access 0
----------------End of Script----------------

16:20:31 INFO  : Context for processor 'ps7_cortexa9_0' is selected.
16:20:31 INFO  : 'con' command is executed.
16:20:31 INFO  : ----------------XSDB Script (After Launch)----------------
targets -set -nocase -filter {name =~ "*A9*#0"}
con
----------------End of Script----------------

16:20:31 INFO  : Launch script is exported to file 'C:\drexel\Eclypse-Z7-SW\.sdk\launch_scripts\single_application_debug\debugger_zmoddac1411_demo_baremetal-default.tcl'
16:27:21 INFO  : Disconnected from the channel tcfchan#2.
16:27:22 INFO  : Connected to target on host '127.0.0.1' and port '3121'.
16:27:22 INFO  : Jtag cable 'Digilent Eclypse Z7 210393B5E6DBA' is selected.
16:27:22 INFO  : 'jtag frequency' command is executed.
16:27:22 INFO  : Context for 'APU' is selected.
16:27:23 INFO  : System reset is completed.
16:27:26 INFO  : 'after 3000' command is executed.
16:27:26 INFO  : 'targets -set -filter {jtag_cable_name =~ "Digilent Eclypse Z7 210393B5E6DBA" && level==0 && jtag_device_ctx=="jsn-Eclypse Z7-210393B5E6DBA-23727093-0"}' command is executed.
16:27:28 INFO  : FPGA configured successfully with bitstream "C:/drexel/Eclypse-Z7-SW/ZmodDAC1411_Demo_Baremetal/_ide/bitstream/design_1_wrapper.bit"
16:27:28 INFO  : Context for 'APU' is selected.
16:27:28 INFO  : Hardware design and registers information is loaded from 'C:/drexel/Eclypse-Z7-SW/design_1_wrapper_platform_0_1/export/design_1_wrapper_platform_0_1/hw/system.dsa'.
16:27:28 INFO  : 'configparams force-mem-access 1' command is executed.
16:27:28 INFO  : Context for 'APU' is selected.
16:27:28 INFO  : Sourcing of 'C:/drexel/Eclypse-Z7-SW/ZmodDAC1411_Demo_Baremetal/_ide/psinit/ps7_init.tcl' is done.
16:27:29 INFO  : 'ps7_init' command is executed.
16:27:29 INFO  : 'ps7_post_config' command is executed.
16:27:29 INFO  : Context for processor 'ps7_cortexa9_0' is selected.
16:27:30 INFO  : The application 'C:/drexel/Eclypse-Z7-SW/ZmodDAC1411_Demo_Baremetal/Debug/ZmodDAC1411_Demo_Baremetal.elf' is downloaded to processor 'ps7_cortexa9_0'.
16:27:30 INFO  : 'configparams force-mem-access 0' command is executed.
16:27:30 INFO  : ----------------XSDB Script----------------
connect -url tcp:127.0.0.1:3121
targets -set -nocase -filter {name =~"APU*"}
rst -system
after 3000
targets -set -filter {jtag_cable_name =~ "Digilent Eclypse Z7 210393B5E6DBA" && level==0 && jtag_device_ctx=="jsn-Eclypse Z7-210393B5E6DBA-23727093-0"}
fpga -file C:/drexel/Eclypse-Z7-SW/ZmodDAC1411_Demo_Baremetal/_ide/bitstream/design_1_wrapper.bit
targets -set -nocase -filter {name =~"APU*"}
loadhw -hw C:/drexel/Eclypse-Z7-SW/design_1_wrapper_platform_0_1/export/design_1_wrapper_platform_0_1/hw/system.dsa -mem-ranges [list {0x40000000 0xbfffffff}] -regs
configparams force-mem-access 1
targets -set -nocase -filter {name =~"APU*"}
source C:/drexel/Eclypse-Z7-SW/ZmodDAC1411_Demo_Baremetal/_ide/psinit/ps7_init.tcl
ps7_init
ps7_post_config
targets -set -nocase -filter {name =~ "*A9*#0"}
dow C:/drexel/Eclypse-Z7-SW/ZmodDAC1411_Demo_Baremetal/Debug/ZmodDAC1411_Demo_Baremetal.elf
configparams force-mem-access 0
----------------End of Script----------------

16:27:30 INFO  : Context for processor 'ps7_cortexa9_0' is selected.
16:27:30 INFO  : 'con' command is executed.
16:27:30 INFO  : ----------------XSDB Script (After Launch)----------------
targets -set -nocase -filter {name =~ "*A9*#0"}
con
----------------End of Script----------------

16:27:30 INFO  : Launch script is exported to file 'C:\drexel\Eclypse-Z7-SW\.sdk\launch_scripts\single_application_debug\debugger_zmoddac1411_demo_baremetal-default.tcl'
16:31:31 INFO  : Disconnected from the channel tcfchan#3.
16:31:32 INFO  : Connected to target on host '127.0.0.1' and port '3121'.
16:31:32 INFO  : Jtag cable 'Digilent Eclypse Z7 210393B5E6DBA' is selected.
16:31:32 INFO  : 'jtag frequency' command is executed.
16:31:32 INFO  : Context for 'APU' is selected.
16:31:32 INFO  : System reset is completed.
16:31:35 INFO  : 'after 3000' command is executed.
16:31:35 INFO  : 'targets -set -filter {jtag_cable_name =~ "Digilent Eclypse Z7 210393B5E6DBA" && level==0 && jtag_device_ctx=="jsn-Eclypse Z7-210393B5E6DBA-23727093-0"}' command is executed.
16:31:38 INFO  : FPGA configured successfully with bitstream "C:/drexel/Eclypse-Z7-SW/ZmodDAC1411_Demo_Baremetal/_ide/bitstream/design_1_wrapper.bit"
16:31:38 INFO  : Context for 'APU' is selected.
16:31:38 INFO  : Hardware design and registers information is loaded from 'C:/drexel/Eclypse-Z7-SW/design_1_wrapper_platform_0_1/export/design_1_wrapper_platform_0_1/hw/system.dsa'.
16:31:38 INFO  : 'configparams force-mem-access 1' command is executed.
16:31:38 INFO  : Context for 'APU' is selected.
16:31:38 INFO  : Sourcing of 'C:/drexel/Eclypse-Z7-SW/ZmodDAC1411_Demo_Baremetal/_ide/psinit/ps7_init.tcl' is done.
16:31:39 INFO  : 'ps7_init' command is executed.
16:31:39 INFO  : 'ps7_post_config' command is executed.
16:31:39 INFO  : Context for processor 'ps7_cortexa9_0' is selected.
16:31:39 INFO  : The application 'C:/drexel/Eclypse-Z7-SW/ZmodDAC1411_Demo_Baremetal/Debug/ZmodDAC1411_Demo_Baremetal.elf' is downloaded to processor 'ps7_cortexa9_0'.
16:31:39 INFO  : 'configparams force-mem-access 0' command is executed.
16:31:39 INFO  : ----------------XSDB Script----------------
connect -url tcp:127.0.0.1:3121
targets -set -nocase -filter {name =~"APU*"}
rst -system
after 3000
targets -set -filter {jtag_cable_name =~ "Digilent Eclypse Z7 210393B5E6DBA" && level==0 && jtag_device_ctx=="jsn-Eclypse Z7-210393B5E6DBA-23727093-0"}
fpga -file C:/drexel/Eclypse-Z7-SW/ZmodDAC1411_Demo_Baremetal/_ide/bitstream/design_1_wrapper.bit
targets -set -nocase -filter {name =~"APU*"}
loadhw -hw C:/drexel/Eclypse-Z7-SW/design_1_wrapper_platform_0_1/export/design_1_wrapper_platform_0_1/hw/system.dsa -mem-ranges [list {0x40000000 0xbfffffff}] -regs
configparams force-mem-access 1
targets -set -nocase -filter {name =~"APU*"}
source C:/drexel/Eclypse-Z7-SW/ZmodDAC1411_Demo_Baremetal/_ide/psinit/ps7_init.tcl
ps7_init
ps7_post_config
targets -set -nocase -filter {name =~ "*A9*#0"}
dow C:/drexel/Eclypse-Z7-SW/ZmodDAC1411_Demo_Baremetal/Debug/ZmodDAC1411_Demo_Baremetal.elf
configparams force-mem-access 0
----------------End of Script----------------

16:31:39 INFO  : Context for processor 'ps7_cortexa9_0' is selected.
16:31:40 INFO  : 'con' command is executed.
16:31:40 INFO  : ----------------XSDB Script (After Launch)----------------
targets -set -nocase -filter {name =~ "*A9*#0"}
con
----------------End of Script----------------

16:31:40 INFO  : Launch script is exported to file 'C:\drexel\Eclypse-Z7-SW\.sdk\launch_scripts\single_application_debug\debugger_zmoddac1411_demo_baremetal-default.tcl'
16:32:53 INFO  : Disconnected from the channel tcfchan#4.
16:32:54 INFO  : Connected to target on host '127.0.0.1' and port '3121'.
16:32:54 INFO  : Jtag cable 'Digilent Eclypse Z7 210393B5E6DBA' is selected.
16:32:54 INFO  : 'jtag frequency' command is executed.
16:32:54 INFO  : Context for 'APU' is selected.
16:32:54 INFO  : System reset is completed.
16:32:57 INFO  : 'after 3000' command is executed.
16:32:57 INFO  : 'targets -set -filter {jtag_cable_name =~ "Digilent Eclypse Z7 210393B5E6DBA" && level==0 && jtag_device_ctx=="jsn-Eclypse Z7-210393B5E6DBA-23727093-0"}' command is executed.
16:32:59 INFO  : FPGA configured successfully with bitstream "C:/drexel/Eclypse-Z7-SW/ZmodDAC1411_Demo_Baremetal/_ide/bitstream/design_1_wrapper.bit"
16:32:59 INFO  : Context for 'APU' is selected.
16:32:59 INFO  : Hardware design and registers information is loaded from 'C:/drexel/Eclypse-Z7-SW/design_1_wrapper_platform_0_1/export/design_1_wrapper_platform_0_1/hw/system.dsa'.
16:32:59 INFO  : 'configparams force-mem-access 1' command is executed.
16:32:59 INFO  : Context for 'APU' is selected.
16:32:59 INFO  : Sourcing of 'C:/drexel/Eclypse-Z7-SW/ZmodDAC1411_Demo_Baremetal/_ide/psinit/ps7_init.tcl' is done.
16:33:00 INFO  : 'ps7_init' command is executed.
16:33:00 INFO  : 'ps7_post_config' command is executed.
16:33:00 INFO  : Context for processor 'ps7_cortexa9_0' is selected.
16:33:01 INFO  : The application 'C:/drexel/Eclypse-Z7-SW/ZmodDAC1411_Demo_Baremetal/Debug/ZmodDAC1411_Demo_Baremetal.elf' is downloaded to processor 'ps7_cortexa9_0'.
16:33:01 INFO  : 'configparams force-mem-access 0' command is executed.
16:33:01 INFO  : ----------------XSDB Script----------------
connect -url tcp:127.0.0.1:3121
targets -set -nocase -filter {name =~"APU*"}
rst -system
after 3000
targets -set -filter {jtag_cable_name =~ "Digilent Eclypse Z7 210393B5E6DBA" && level==0 && jtag_device_ctx=="jsn-Eclypse Z7-210393B5E6DBA-23727093-0"}
fpga -file C:/drexel/Eclypse-Z7-SW/ZmodDAC1411_Demo_Baremetal/_ide/bitstream/design_1_wrapper.bit
targets -set -nocase -filter {name =~"APU*"}
loadhw -hw C:/drexel/Eclypse-Z7-SW/design_1_wrapper_platform_0_1/export/design_1_wrapper_platform_0_1/hw/system.dsa -mem-ranges [list {0x40000000 0xbfffffff}] -regs
configparams force-mem-access 1
targets -set -nocase -filter {name =~"APU*"}
source C:/drexel/Eclypse-Z7-SW/ZmodDAC1411_Demo_Baremetal/_ide/psinit/ps7_init.tcl
ps7_init
ps7_post_config
targets -set -nocase -filter {name =~ "*A9*#0"}
dow C:/drexel/Eclypse-Z7-SW/ZmodDAC1411_Demo_Baremetal/Debug/ZmodDAC1411_Demo_Baremetal.elf
configparams force-mem-access 0
----------------End of Script----------------

16:33:01 INFO  : Context for processor 'ps7_cortexa9_0' is selected.
16:33:01 INFO  : 'con' command is executed.
16:33:01 INFO  : ----------------XSDB Script (After Launch)----------------
targets -set -nocase -filter {name =~ "*A9*#0"}
con
----------------End of Script----------------

16:33:01 INFO  : Launch script is exported to file 'C:\drexel\Eclypse-Z7-SW\.sdk\launch_scripts\single_application_debug\debugger_zmoddac1411_demo_baremetal-default.tcl'
16:36:48 INFO  : Disconnected from the channel tcfchan#5.
16:36:49 INFO  : Connected to target on host '127.0.0.1' and port '3121'.
16:36:50 INFO  : Jtag cable 'Digilent Eclypse Z7 210393B5E6DBA' is selected.
16:36:50 INFO  : 'jtag frequency' command is executed.
16:36:50 INFO  : Context for 'APU' is selected.
16:36:50 INFO  : System reset is completed.
16:36:53 INFO  : 'after 3000' command is executed.
16:36:53 INFO  : 'targets -set -filter {jtag_cable_name =~ "Digilent Eclypse Z7 210393B5E6DBA" && level==0 && jtag_device_ctx=="jsn-Eclypse Z7-210393B5E6DBA-23727093-0"}' command is executed.
16:36:55 INFO  : FPGA configured successfully with bitstream "C:/drexel/Eclypse-Z7-SW/ZmodDAC1411_Demo_Baremetal/_ide/bitstream/design_1_wrapper.bit"
16:36:55 INFO  : Context for 'APU' is selected.
16:36:55 INFO  : Hardware design and registers information is loaded from 'C:/drexel/Eclypse-Z7-SW/design_1_wrapper_platform_0_1/export/design_1_wrapper_platform_0_1/hw/system.dsa'.
16:36:55 INFO  : 'configparams force-mem-access 1' command is executed.
16:36:55 INFO  : Context for 'APU' is selected.
16:36:55 INFO  : Sourcing of 'C:/drexel/Eclypse-Z7-SW/ZmodDAC1411_Demo_Baremetal/_ide/psinit/ps7_init.tcl' is done.
16:36:57 INFO  : 'ps7_init' command is executed.
16:36:57 INFO  : 'ps7_post_config' command is executed.
16:36:57 INFO  : Context for processor 'ps7_cortexa9_0' is selected.
16:36:57 INFO  : The application 'C:/drexel/Eclypse-Z7-SW/ZmodDAC1411_Demo_Baremetal/Debug/ZmodDAC1411_Demo_Baremetal.elf' is downloaded to processor 'ps7_cortexa9_0'.
16:36:57 INFO  : 'configparams force-mem-access 0' command is executed.
16:36:57 INFO  : ----------------XSDB Script----------------
connect -url tcp:127.0.0.1:3121
targets -set -nocase -filter {name =~"APU*"}
rst -system
after 3000
targets -set -filter {jtag_cable_name =~ "Digilent Eclypse Z7 210393B5E6DBA" && level==0 && jtag_device_ctx=="jsn-Eclypse Z7-210393B5E6DBA-23727093-0"}
fpga -file C:/drexel/Eclypse-Z7-SW/ZmodDAC1411_Demo_Baremetal/_ide/bitstream/design_1_wrapper.bit
targets -set -nocase -filter {name =~"APU*"}
loadhw -hw C:/drexel/Eclypse-Z7-SW/design_1_wrapper_platform_0_1/export/design_1_wrapper_platform_0_1/hw/system.dsa -mem-ranges [list {0x40000000 0xbfffffff}] -regs
configparams force-mem-access 1
targets -set -nocase -filter {name =~"APU*"}
source C:/drexel/Eclypse-Z7-SW/ZmodDAC1411_Demo_Baremetal/_ide/psinit/ps7_init.tcl
ps7_init
ps7_post_config
targets -set -nocase -filter {name =~ "*A9*#0"}
dow C:/drexel/Eclypse-Z7-SW/ZmodDAC1411_Demo_Baremetal/Debug/ZmodDAC1411_Demo_Baremetal.elf
configparams force-mem-access 0
----------------End of Script----------------

16:36:57 INFO  : Context for processor 'ps7_cortexa9_0' is selected.
16:36:57 INFO  : 'con' command is executed.
16:36:57 INFO  : ----------------XSDB Script (After Launch)----------------
targets -set -nocase -filter {name =~ "*A9*#0"}
con
----------------End of Script----------------

16:36:57 INFO  : Launch script is exported to file 'C:\drexel\Eclypse-Z7-SW\.sdk\launch_scripts\single_application_debug\debugger_zmoddac1411_demo_baremetal-default.tcl'
16:41:30 INFO  : Disconnected from the channel tcfchan#6.
16:41:31 INFO  : Connected to target on host '127.0.0.1' and port '3121'.
16:41:31 INFO  : Jtag cable 'Digilent Eclypse Z7 210393B5E6DBA' is selected.
16:41:31 INFO  : 'jtag frequency' command is executed.
16:41:31 INFO  : Context for 'APU' is selected.
16:41:31 INFO  : System reset is completed.
16:41:34 INFO  : 'after 3000' command is executed.
16:41:34 INFO  : 'targets -set -filter {jtag_cable_name =~ "Digilent Eclypse Z7 210393B5E6DBA" && level==0 && jtag_device_ctx=="jsn-Eclypse Z7-210393B5E6DBA-23727093-0"}' command is executed.
16:41:37 INFO  : FPGA configured successfully with bitstream "C:/drexel/Eclypse-Z7-SW/ZmodDAC1411_Demo_Baremetal/_ide/bitstream/design_1_wrapper.bit"
16:41:37 INFO  : Context for 'APU' is selected.
16:41:37 INFO  : Hardware design and registers information is loaded from 'C:/drexel/Eclypse-Z7-SW/design_1_wrapper_platform_0_1/export/design_1_wrapper_platform_0_1/hw/system.dsa'.
16:41:37 INFO  : 'configparams force-mem-access 1' command is executed.
16:41:37 INFO  : Context for 'APU' is selected.
16:41:37 INFO  : Sourcing of 'C:/drexel/Eclypse-Z7-SW/ZmodDAC1411_Demo_Baremetal/_ide/psinit/ps7_init.tcl' is done.
16:41:38 INFO  : 'ps7_init' command is executed.
16:41:38 INFO  : 'ps7_post_config' command is executed.
16:41:38 INFO  : Context for processor 'ps7_cortexa9_0' is selected.
16:41:39 INFO  : The application 'C:/drexel/Eclypse-Z7-SW/ZmodDAC1411_Demo_Baremetal/Debug/ZmodDAC1411_Demo_Baremetal.elf' is downloaded to processor 'ps7_cortexa9_0'.
16:41:39 INFO  : 'configparams force-mem-access 0' command is executed.
16:41:39 INFO  : ----------------XSDB Script----------------
connect -url tcp:127.0.0.1:3121
targets -set -nocase -filter {name =~"APU*"}
rst -system
after 3000
targets -set -filter {jtag_cable_name =~ "Digilent Eclypse Z7 210393B5E6DBA" && level==0 && jtag_device_ctx=="jsn-Eclypse Z7-210393B5E6DBA-23727093-0"}
fpga -file C:/drexel/Eclypse-Z7-SW/ZmodDAC1411_Demo_Baremetal/_ide/bitstream/design_1_wrapper.bit
targets -set -nocase -filter {name =~"APU*"}
loadhw -hw C:/drexel/Eclypse-Z7-SW/design_1_wrapper_platform_0_1/export/design_1_wrapper_platform_0_1/hw/system.dsa -mem-ranges [list {0x40000000 0xbfffffff}] -regs
configparams force-mem-access 1
targets -set -nocase -filter {name =~"APU*"}
source C:/drexel/Eclypse-Z7-SW/ZmodDAC1411_Demo_Baremetal/_ide/psinit/ps7_init.tcl
ps7_init
ps7_post_config
targets -set -nocase -filter {name =~ "*A9*#0"}
dow C:/drexel/Eclypse-Z7-SW/ZmodDAC1411_Demo_Baremetal/Debug/ZmodDAC1411_Demo_Baremetal.elf
configparams force-mem-access 0
----------------End of Script----------------

16:41:39 INFO  : Context for processor 'ps7_cortexa9_0' is selected.
16:41:39 INFO  : 'con' command is executed.
16:41:39 INFO  : ----------------XSDB Script (After Launch)----------------
targets -set -nocase -filter {name =~ "*A9*#0"}
con
----------------End of Script----------------

16:41:39 INFO  : Launch script is exported to file 'C:\drexel\Eclypse-Z7-SW\.sdk\launch_scripts\single_application_debug\debugger_zmoddac1411_demo_baremetal-default.tcl'
16:44:52 INFO  : Disconnected from the channel tcfchan#7.
16:44:53 INFO  : Connected to target on host '127.0.0.1' and port '3121'.
16:44:53 INFO  : Jtag cable 'Digilent Eclypse Z7 210393B5E6DBA' is selected.
16:44:53 INFO  : 'jtag frequency' command is executed.
16:44:53 INFO  : Context for 'APU' is selected.
16:44:53 INFO  : System reset is completed.
16:44:56 INFO  : 'after 3000' command is executed.
16:44:56 INFO  : 'targets -set -filter {jtag_cable_name =~ "Digilent Eclypse Z7 210393B5E6DBA" && level==0 && jtag_device_ctx=="jsn-Eclypse Z7-210393B5E6DBA-23727093-0"}' command is executed.
16:44:59 INFO  : FPGA configured successfully with bitstream "C:/drexel/Eclypse-Z7-SW/ZmodDAC1411_Demo_Baremetal/_ide/bitstream/design_1_wrapper.bit"
16:44:59 INFO  : Context for 'APU' is selected.
16:44:59 INFO  : Hardware design and registers information is loaded from 'C:/drexel/Eclypse-Z7-SW/design_1_wrapper_platform_0_1/export/design_1_wrapper_platform_0_1/hw/system.dsa'.
16:44:59 INFO  : 'configparams force-mem-access 1' command is executed.
16:44:59 INFO  : Context for 'APU' is selected.
16:44:59 INFO  : Sourcing of 'C:/drexel/Eclypse-Z7-SW/ZmodDAC1411_Demo_Baremetal/_ide/psinit/ps7_init.tcl' is done.
16:45:00 INFO  : 'ps7_init' command is executed.
16:45:00 INFO  : 'ps7_post_config' command is executed.
16:45:00 INFO  : Context for processor 'ps7_cortexa9_0' is selected.
16:45:01 INFO  : The application 'C:/drexel/Eclypse-Z7-SW/ZmodDAC1411_Demo_Baremetal/Debug/ZmodDAC1411_Demo_Baremetal.elf' is downloaded to processor 'ps7_cortexa9_0'.
16:45:01 INFO  : 'configparams force-mem-access 0' command is executed.
16:45:01 INFO  : ----------------XSDB Script----------------
connect -url tcp:127.0.0.1:3121
targets -set -nocase -filter {name =~"APU*"}
rst -system
after 3000
targets -set -filter {jtag_cable_name =~ "Digilent Eclypse Z7 210393B5E6DBA" && level==0 && jtag_device_ctx=="jsn-Eclypse Z7-210393B5E6DBA-23727093-0"}
fpga -file C:/drexel/Eclypse-Z7-SW/ZmodDAC1411_Demo_Baremetal/_ide/bitstream/design_1_wrapper.bit
targets -set -nocase -filter {name =~"APU*"}
loadhw -hw C:/drexel/Eclypse-Z7-SW/design_1_wrapper_platform_0_1/export/design_1_wrapper_platform_0_1/hw/system.dsa -mem-ranges [list {0x40000000 0xbfffffff}] -regs
configparams force-mem-access 1
targets -set -nocase -filter {name =~"APU*"}
source C:/drexel/Eclypse-Z7-SW/ZmodDAC1411_Demo_Baremetal/_ide/psinit/ps7_init.tcl
ps7_init
ps7_post_config
targets -set -nocase -filter {name =~ "*A9*#0"}
dow C:/drexel/Eclypse-Z7-SW/ZmodDAC1411_Demo_Baremetal/Debug/ZmodDAC1411_Demo_Baremetal.elf
configparams force-mem-access 0
----------------End of Script----------------

16:45:01 INFO  : Context for processor 'ps7_cortexa9_0' is selected.
16:45:01 INFO  : 'con' command is executed.
16:45:01 INFO  : ----------------XSDB Script (After Launch)----------------
targets -set -nocase -filter {name =~ "*A9*#0"}
con
----------------End of Script----------------

16:45:01 INFO  : Launch script is exported to file 'C:\drexel\Eclypse-Z7-SW\.sdk\launch_scripts\single_application_debug\debugger_zmoddac1411_demo_baremetal-default.tcl'
16:46:02 INFO  : Disconnected from the channel tcfchan#8.
16:46:03 INFO  : Connected to target on host '127.0.0.1' and port '3121'.
16:46:03 INFO  : Jtag cable 'Digilent Eclypse Z7 210393B5E6DBA' is selected.
16:46:03 INFO  : 'jtag frequency' command is executed.
16:46:03 INFO  : Context for 'APU' is selected.
16:46:03 INFO  : System reset is completed.
16:46:06 INFO  : 'after 3000' command is executed.
16:46:06 INFO  : 'targets -set -filter {jtag_cable_name =~ "Digilent Eclypse Z7 210393B5E6DBA" && level==0 && jtag_device_ctx=="jsn-Eclypse Z7-210393B5E6DBA-23727093-0"}' command is executed.
16:46:09 INFO  : FPGA configured successfully with bitstream "C:/drexel/Eclypse-Z7-SW/ZmodDAC1411_Demo_Baremetal/_ide/bitstream/design_1_wrapper.bit"
16:46:09 INFO  : Context for 'APU' is selected.
16:46:09 INFO  : Hardware design and registers information is loaded from 'C:/drexel/Eclypse-Z7-SW/design_1_wrapper_platform_0_1/export/design_1_wrapper_platform_0_1/hw/system.dsa'.
16:46:09 INFO  : 'configparams force-mem-access 1' command is executed.
16:46:09 INFO  : Context for 'APU' is selected.
16:46:09 INFO  : Sourcing of 'C:/drexel/Eclypse-Z7-SW/ZmodDAC1411_Demo_Baremetal/_ide/psinit/ps7_init.tcl' is done.
16:46:10 INFO  : 'ps7_init' command is executed.
16:46:10 INFO  : 'ps7_post_config' command is executed.
16:46:10 INFO  : Context for processor 'ps7_cortexa9_0' is selected.
16:46:11 INFO  : The application 'C:/drexel/Eclypse-Z7-SW/ZmodDAC1411_Demo_Baremetal/Debug/ZmodDAC1411_Demo_Baremetal.elf' is downloaded to processor 'ps7_cortexa9_0'.
16:46:11 INFO  : 'configparams force-mem-access 0' command is executed.
16:46:11 INFO  : ----------------XSDB Script----------------
connect -url tcp:127.0.0.1:3121
targets -set -nocase -filter {name =~"APU*"}
rst -system
after 3000
targets -set -filter {jtag_cable_name =~ "Digilent Eclypse Z7 210393B5E6DBA" && level==0 && jtag_device_ctx=="jsn-Eclypse Z7-210393B5E6DBA-23727093-0"}
fpga -file C:/drexel/Eclypse-Z7-SW/ZmodDAC1411_Demo_Baremetal/_ide/bitstream/design_1_wrapper.bit
targets -set -nocase -filter {name =~"APU*"}
loadhw -hw C:/drexel/Eclypse-Z7-SW/design_1_wrapper_platform_0_1/export/design_1_wrapper_platform_0_1/hw/system.dsa -mem-ranges [list {0x40000000 0xbfffffff}] -regs
configparams force-mem-access 1
targets -set -nocase -filter {name =~"APU*"}
source C:/drexel/Eclypse-Z7-SW/ZmodDAC1411_Demo_Baremetal/_ide/psinit/ps7_init.tcl
ps7_init
ps7_post_config
targets -set -nocase -filter {name =~ "*A9*#0"}
dow C:/drexel/Eclypse-Z7-SW/ZmodDAC1411_Demo_Baremetal/Debug/ZmodDAC1411_Demo_Baremetal.elf
configparams force-mem-access 0
----------------End of Script----------------

16:46:11 INFO  : Context for processor 'ps7_cortexa9_0' is selected.
16:46:11 INFO  : 'con' command is executed.
16:46:11 INFO  : ----------------XSDB Script (After Launch)----------------
targets -set -nocase -filter {name =~ "*A9*#0"}
con
----------------End of Script----------------

16:46:11 INFO  : Launch script is exported to file 'C:\drexel\Eclypse-Z7-SW\.sdk\launch_scripts\single_application_debug\debugger_zmoddac1411_demo_baremetal-default.tcl'
20:59:11 INFO  : Disconnected from the channel tcfchan#9.
